INFO  16:49:51,161 [StunDiscovery-192.168.1.78] (StunServiceImpl.java:384) Starting Saros 15.0.0 running:
  Java Version: 1.8.0_231
  Java Vendor: Oracle Corporation
  Eclipse Runtime Version: 3.17.100.v20200203-0917
  Operating System: Windows 10 (10.0)
  Hardware Architecture: amd64
INFO  16:49:51,194 [StunDiscovery-192.168.1.78] (StunServiceImpl.java:384) initializing context...
INFO  16:49:51,848 [StunDiscovery-192.168.1.78] (StunServiceImpl.java:384) initializing preference default values
INFO  16:49:51,914 [StunDiscovery-192.168.1.78] (StunServiceImpl.java:384) successfully initialized context
WARN  16:50:09,526 [StunDiscovery-192.168.1.78] (StunServiceImpl.java:384) received no response from STUN server stunserver.org/67.227.226.240:3478 at local address /192.168.1.78:0
WARN  16:51:27,539 [Worker-6: Session Startup] (ConsistencyAction.java:172) watchdog client component is not available, cannot perform inconsistency notification
INFO  16:51:27,626 [Worker-6: Session Startup] (SarosSessionManager.java:285) session started
DEBUG 16:51:29,505 [Smack Listener Processor (0)] (MultiUserChatStateManager.java:98) Incoming Message from saros_2147444108@conference.saros-con.imp.fu-berlin.de/jeanmatos@saros-con.imp.fu-berlin.de/Saros with state: active
INFO  16:52:02,024 [Worker-13: Inviting Tarikao (takaz@saros-con.imp.fu-berlin.de)...] (SarosSession.java:418) user takaz@saros-con.imp.fu-berlin.de/Saros joined session
DEBUG 16:52:03,563 [Smack Listener Processor (0)] (MultiUserChatStateManager.java:98) Incoming Message from saros_2147444108@conference.saros-con.imp.fu-berlin.de/takaz@saros-con.imp.fu-berlin.de/Saros with state: active
INFO  16:52:04,887 [Worker-15: Synchronizing projects] (SarosSession.java:424) user takaz@saros-con.imp.fu-berlin.de/Saros started queuing projects and can receive IResourceActivities
INFO  16:52:05,930 [Worker-15: Synchronizing projects] (SarosSession.java:453) user takaz@saros-con.imp.fu-berlin.de/Saros now has Projects and can process IResourceActivities
ERROR 16:57:50,338 [DispatchContext] (ConcurrentDocumentServer.java:138) failed to transform jupiter activity: JupiterActivity(timestamp: [8,0], operation: Split(Delete(0,'package pt.iscte.dcti.poo.sokoban.starter;\r\n\r\npublic class Bateria {\r\n\r\n}\r\n'), Insert(0,'package pt.iscte.dcti.poo.sokoban.starter;\r\n\r\nimport pt.iul.ista.poo.gui.ImageTile;\r\nimport pt.iul.ista.poo.utils.Point2D;\r\n\r\npublic class Bateria ...',0)), source: jeanmatos@saros-con.imp.fu-berlin.de/Saros)
saros.concurrent.jupiter.TransformationException: Precondition #3 violated (Vector time does not match): [8,0] , [0,0]
	at saros.concurrent.jupiter.internal.Jupiter.checkPreconditions(Jupiter.java:268)
	at saros.concurrent.jupiter.internal.Jupiter.receiveJupiterActivity(Jupiter.java:158)
	at saros.concurrent.jupiter.internal.JupiterDocumentServer.transformJupiterActivity(JupiterDocumentServer.java:65)
	at saros.concurrent.management.JupiterServer.transform(JupiterServer.java:104)
	at saros.concurrent.management.ConcurrentDocumentServer.receive(ConcurrentDocumentServer.java:136)
	at saros.concurrent.management.ConcurrentDocumentServer.transformIncoming(ConcurrentDocumentServer.java:112)
	at saros.session.internal.ActivityHandler.directServerActivities(ActivityHandler.java:386)
	at saros.session.internal.ActivityHandler.handleIncomingActivities(ActivityHandler.java:136)
	at saros.session.internal.SarosSession.exec(SarosSession.java:721)
	at saros.session.internal.ActivitySequencer$3.run(ActivitySequencer.java:362)
	at saros.util.ThreadUtils$1.run(ThreadUtils.java:35)
	at java.util.concurrent.Executors$RunnableAdapter.call(Executors.java:511)
	at java.util.concurrent.FutureTask.run(FutureTask.java:266)
	at java.util.concurrent.ThreadPoolExecutor.runWorker(ThreadPoolExecutor.java:1149)
	at java.util.concurrent.ThreadPoolExecutor$Worker.run(ThreadPoolExecutor.java:624)
	at java.lang.Thread.run(Thread.java:748)
ERROR 16:58:03,835 [DispatchContext] (ConcurrentDocumentServer.java:138) failed to transform jupiter activity: JupiterActivity(timestamp: [9,0], operation: Insert(385,'\r\n\t}',385), source: jeanmatos@saros-con.imp.fu-berlin.de/Saros)
saros.concurrent.jupiter.TransformationException: Precondition #3 violated (Vector time does not match): [9,0] , [0,0]
	at saros.concurrent.jupiter.internal.Jupiter.checkPreconditions(Jupiter.java:268)
	at saros.concurrent.jupiter.internal.Jupiter.receiveJupiterActivity(Jupiter.java:158)
	at saros.concurrent.jupiter.internal.JupiterDocumentServer.transformJupiterActivity(JupiterDocumentServer.java:65)
	at saros.concurrent.management.JupiterServer.transform(JupiterServer.java:104)
	at saros.concurrent.management.ConcurrentDocumentServer.receive(ConcurrentDocumentServer.java:136)
	at saros.concurrent.management.ConcurrentDocumentServer.transformIncoming(ConcurrentDocumentServer.java:112)
	at saros.session.internal.ActivityHandler.directServerActivities(ActivityHandler.java:386)
	at saros.session.internal.ActivityHandler.handleIncomingActivities(ActivityHandler.java:136)
	at saros.session.internal.SarosSession.exec(SarosSession.java:721)
	at saros.session.internal.ActivitySequencer$3.run(ActivitySequencer.java:362)
	at saros.util.ThreadUtils$1.run(ThreadUtils.java:35)
	at java.util.concurrent.Executors$RunnableAdapter.call(Executors.java:511)
	at java.util.concurrent.FutureTask.run(FutureTask.java:266)
	at java.util.concurrent.ThreadPoolExecutor.runWorker(ThreadPoolExecutor.java:1149)
	at java.util.concurrent.ThreadPoolExecutor$Worker.run(ThreadPoolExecutor.java:624)
	at java.lang.Thread.run(Thread.java:748)
ERROR 16:58:03,836 [DispatchContext] (ConcurrentDocumentServer.java:138) failed to transform jupiter activity: JupiterActivity(timestamp: [10,0], operation: Insert(385,'// TODO Auto-generated method stub\r\n\t\treturn 0;',385), source: jeanmatos@saros-con.imp.fu-berlin.de/Saros)
saros.concurrent.jupiter.TransformationException: Precondition #3 violated (Vector time does not match): [10,0] , [0,0]
	at saros.concurrent.jupiter.internal.Jupiter.checkPreconditions(Jupiter.java:268)
	at saros.concurrent.jupiter.internal.Jupiter.receiveJupiterActivity(Jupiter.java:158)
	at saros.concurrent.jupiter.internal.JupiterDocumentServer.transformJupiterActivity(JupiterDocumentServer.java:65)
	at saros.concurrent.management.JupiterServer.transform(JupiterServer.java:104)
	at saros.concurrent.management.ConcurrentDocumentServer.receive(ConcurrentDocumentServer.java:136)
	at saros.concurrent.management.ConcurrentDocumentServer.transformIncoming(ConcurrentDocumentServer.java:112)
	at saros.session.internal.ActivityHandler.directServerActivities(ActivityHandler.java:386)
	at saros.session.internal.ActivityHandler.handleIncomingActivities(ActivityHandler.java:136)
	at saros.session.internal.SarosSession.exec(SarosSession.java:721)
	at saros.session.internal.ActivitySequencer$3.run(ActivitySequencer.java:362)
	at saros.util.ThreadUtils$1.run(ThreadUtils.java:35)
	at java.util.concurrent.Executors$RunnableAdapter.call(Executors.java:511)
	at java.util.concurrent.FutureTask.run(FutureTask.java:266)
	at java.util.concurrent.ThreadPoolExecutor.runWorker(ThreadPoolExecutor.java:1149)
	at java.util.concurrent.ThreadPoolExecutor$Worker.run(ThreadPoolExecutor.java:624)
	at java.lang.Thread.run(Thread.java:748)
ERROR 16:58:03,837 [DispatchContext] (ConcurrentDocumentServer.java:138) failed to transform jupiter activity: JupiterActivity(timestamp: [11,0], operation: Insert(385,'@Override\r\n\tpublic char correspondingChar() {\r\n\t\t',385), source: jeanmatos@saros-con.imp.fu-berlin.de/Saros)
saros.concurrent.jupiter.TransformationException: Precondition #3 violated (Vector time does not match): [11,0] , [0,0]
	at saros.concurrent.jupiter.internal.Jupiter.checkPreconditions(Jupiter.java:268)
	at saros.concurrent.jupiter.internal.Jupiter.receiveJupiterActivity(Jupiter.java:158)
	at saros.concurrent.jupiter.internal.JupiterDocumentServer.transformJupiterActivity(JupiterDocumentServer.java:65)
	at saros.concurrent.management.JupiterServer.transform(JupiterServer.java:104)
	at saros.concurrent.management.ConcurrentDocumentServer.receive(ConcurrentDocumentServer.java:136)
	at saros.concurrent.management.ConcurrentDocumentServer.transformIncoming(ConcurrentDocumentServer.java:112)
	at saros.session.internal.ActivityHandler.directServerActivities(ActivityHandler.java:386)
	at saros.session.internal.ActivityHandler.handleIncomingActivities(ActivityHandler.java:136)
	at saros.session.internal.SarosSession.exec(SarosSession.java:721)
	at saros.session.internal.ActivitySequencer$3.run(ActivitySequencer.java:362)
	at saros.util.ThreadUtils$1.run(ThreadUtils.java:35)
	at java.util.concurrent.Executors$RunnableAdapter.call(Executors.java:511)
	at java.util.concurrent.FutureTask.run(FutureTask.java:266)
	at java.util.concurrent.ThreadPoolExecutor.runWorker(ThreadPoolExecutor.java:1149)
	at java.util.concurrent.ThreadPoolExecutor$Worker.run(ThreadPoolExecutor.java:624)
	at java.lang.Thread.run(Thread.java:748)
ERROR 16:58:03,837 [DispatchContext] (ConcurrentDocumentServer.java:138) failed to transform jupiter activity: JupiterActivity(timestamp: [12,0], operation: Insert(385,'\r\n\r\n\t',385), source: jeanmatos@saros-con.imp.fu-berlin.de/Saros)
saros.concurrent.jupiter.TransformationException: Precondition #3 violated (Vector time does not match): [12,0] , [0,0]
	at saros.concurrent.jupiter.internal.Jupiter.checkPreconditions(Jupiter.java:268)
	at saros.concurrent.jupiter.internal.Jupiter.receiveJupiterActivity(Jupiter.java:158)
	at saros.concurrent.jupiter.internal.JupiterDocumentServer.transformJupiterActivity(JupiterDocumentServer.java:65)
	at saros.concurrent.management.JupiterServer.transform(JupiterServer.java:104)
	at saros.concurrent.management.ConcurrentDocumentServer.receive(ConcurrentDocumentServer.java:136)
	at saros.concurrent.management.ConcurrentDocumentServer.transformIncoming(ConcurrentDocumentServer.java:112)
	at saros.session.internal.ActivityHandler.directServerActivities(ActivityHandler.java:386)
	at saros.session.internal.ActivityHandler.handleIncomingActivities(ActivityHandler.java:136)
	at saros.session.internal.SarosSession.exec(SarosSession.java:721)
	at saros.session.internal.ActivitySequencer$3.run(ActivitySequencer.java:362)
	at saros.util.ThreadUtils$1.run(ThreadUtils.java:35)
	at java.util.concurrent.Executors$RunnableAdapter.call(Executors.java:511)
	at java.util.concurrent.FutureTask.run(FutureTask.java:266)
	at java.util.concurrent.ThreadPoolExecutor.runWorker(ThreadPoolExecutor.java:1149)
	at java.util.concurrent.ThreadPoolExecutor$Worker.run(ThreadPoolExecutor.java:624)
	at java.lang.Thread.run(Thread.java:748)
ERROR 16:58:40,694 [DispatchContext] (ConcurrentDocumentServer.java:138) failed to transform jupiter activity: JupiterActivity(timestamp: [13,0], operation: Delete(484,'0'), source: jeanmatos@saros-con.imp.fu-berlin.de/Saros)
saros.concurrent.jupiter.TransformationException: Precondition #3 violated (Vector time does not match): [13,0] , [0,0]
	at saros.concurrent.jupiter.internal.Jupiter.checkPreconditions(Jupiter.java:268)
	at saros.concurrent.jupiter.internal.Jupiter.receiveJupiterActivity(Jupiter.java:158)
	at saros.concurrent.jupiter.internal.JupiterDocumentServer.transformJupiterActivity(JupiterDocumentServer.java:65)
	at saros.concurrent.management.JupiterServer.transform(JupiterServer.java:104)
	at saros.concurrent.management.ConcurrentDocumentServer.receive(ConcurrentDocumentServer.java:136)
	at saros.concurrent.management.ConcurrentDocumentServer.transformIncoming(ConcurrentDocumentServer.java:112)
	at saros.session.internal.ActivityHandler.directServerActivities(ActivityHandler.java:386)
	at saros.session.internal.ActivityHandler.handleIncomingActivities(ActivityHandler.java:136)
	at saros.session.internal.SarosSession.exec(SarosSession.java:721)
	at saros.session.internal.ActivitySequencer$3.run(ActivitySequencer.java:362)
	at saros.util.ThreadUtils$1.run(ThreadUtils.java:35)
	at java.util.concurrent.Executors$RunnableAdapter.call(Executors.java:511)
	at java.util.concurrent.FutureTask.run(FutureTask.java:266)
	at java.util.concurrent.ThreadPoolExecutor.runWorker(ThreadPoolExecutor.java:1149)
	at java.util.concurrent.ThreadPoolExecutor$Worker.run(ThreadPoolExecutor.java:624)
	at java.lang.Thread.run(Thread.java:748)
ERROR 16:58:43,125 [DispatchContext] (ConcurrentDocumentServer.java:138) failed to transform jupiter activity: JupiterActivity(timestamp: [14,0], operation: Insert(484,'?',484), source: jeanmatos@saros-con.imp.fu-berlin.de/Saros)
saros.concurrent.jupiter.TransformationException: Precondition #3 violated (Vector time does not match): [14,0] , [0,0]
	at saros.concurrent.jupiter.internal.Jupiter.checkPreconditions(Jupiter.java:268)
	at saros.concurrent.jupiter.internal.Jupiter.receiveJupiterActivity(Jupiter.java:158)
	at saros.concurrent.jupiter.internal.JupiterDocumentServer.transformJupiterActivity(JupiterDocumentServer.java:65)
	at saros.concurrent.management.JupiterServer.transform(JupiterServer.java:104)
	at saros.concurrent.management.ConcurrentDocumentServer.receive(ConcurrentDocumentServer.java:136)
	at saros.concurrent.management.ConcurrentDocumentServer.transformIncoming(ConcurrentDocumentServer.java:112)
	at saros.session.internal.ActivityHandler.directServerActivities(ActivityHandler.java:386)
	at saros.session.internal.ActivityHandler.handleIncomingActivities(ActivityHandler.java:136)
	at saros.session.internal.SarosSession.exec(SarosSession.java:721)
	at saros.session.internal.ActivitySequencer$3.run(ActivitySequencer.java:362)
	at saros.util.ThreadUtils$1.run(ThreadUtils.java:35)
	at java.util.concurrent.Executors$RunnableAdapter.call(Executors.java:511)
	at java.util.concurrent.FutureTask.run(FutureTask.java:266)
	at java.util.concurrent.ThreadPoolExecutor.runWorker(ThreadPoolExecutor.java:1149)
	at java.util.concurrent.ThreadPoolExecutor$Worker.run(ThreadPoolExecutor.java:624)
	at java.lang.Thread.run(Thread.java:748)
ERROR 16:58:44,246 [DispatchContext] (ConcurrentDocumentServer.java:138) failed to transform jupiter activity: JupiterActivity(timestamp: [15,0], operation: Delete(484,'?'), source: jeanmatos@saros-con.imp.fu-berlin.de/Saros)
saros.concurrent.jupiter.TransformationException: Precondition #3 violated (Vector time does not match): [15,0] , [0,0]
	at saros.concurrent.jupiter.internal.Jupiter.checkPreconditions(Jupiter.java:268)
	at saros.concurrent.jupiter.internal.Jupiter.receiveJupiterActivity(Jupiter.java:158)
	at saros.concurrent.jupiter.internal.JupiterDocumentServer.transformJupiterActivity(JupiterDocumentServer.java:65)
	at saros.concurrent.management.JupiterServer.transform(JupiterServer.java:104)
	at saros.concurrent.management.ConcurrentDocumentServer.receive(ConcurrentDocumentServer.java:136)
	at saros.concurrent.management.ConcurrentDocumentServer.transformIncoming(ConcurrentDocumentServer.java:112)
	at saros.session.internal.ActivityHandler.directServerActivities(ActivityHandler.java:386)
	at saros.session.internal.ActivityHandler.handleIncomingActivities(ActivityHandler.java:136)
	at saros.session.internal.SarosSession.exec(SarosSession.java:721)
	at saros.session.internal.ActivitySequencer$3.run(ActivitySequencer.java:362)
	at saros.util.ThreadUtils$1.run(ThreadUtils.java:35)
	at java.util.concurrent.Executors$RunnableAdapter.call(Executors.java:511)
	at java.util.concurrent.FutureTask.run(FutureTask.java:266)
	at java.util.concurrent.ThreadPoolExecutor.runWorker(ThreadPoolExecutor.java:1149)
	at java.util.concurrent.ThreadPoolExecutor$Worker.run(ThreadPoolExecutor.java:624)
	at java.lang.Thread.run(Thread.java:748)
ERROR 16:58:45,970 [DispatchContext] (ConcurrentDocumentServer.java:138) failed to transform jupiter activity: JupiterActivity(timestamp: [16,0], operation: Insert(484,''',484), source: jeanmatos@saros-con.imp.fu-berlin.de/Saros)
saros.concurrent.jupiter.TransformationException: Precondition #3 violated (Vector time does not match): [16,0] , [0,0]
	at saros.concurrent.jupiter.internal.Jupiter.checkPreconditions(Jupiter.java:268)
	at saros.concurrent.jupiter.internal.Jupiter.receiveJupiterActivity(Jupiter.java:158)
	at saros.concurrent.jupiter.internal.JupiterDocumentServer.transformJupiterActivity(JupiterDocumentServer.java:65)
	at saros.concurrent.management.JupiterServer.transform(JupiterServer.java:104)
	at saros.concurrent.management.ConcurrentDocumentServer.receive(ConcurrentDocumentServer.java:136)
	at saros.concurrent.management.ConcurrentDocumentServer.transformIncoming(ConcurrentDocumentServer.java:112)
	at saros.session.internal.ActivityHandler.directServerActivities(ActivityHandler.java:386)
	at saros.session.internal.ActivityHandler.handleIncomingActivities(ActivityHandler.java:136)
	at saros.session.internal.SarosSession.exec(SarosSession.java:721)
	at saros.session.internal.ActivitySequencer$3.run(ActivitySequencer.java:362)
	at saros.util.ThreadUtils$1.run(ThreadUtils.java:35)
	at java.util.concurrent.Executors$RunnableAdapter.call(Executors.java:511)
	at java.util.concurrent.FutureTask.run(FutureTask.java:266)
	at java.util.concurrent.ThreadPoolExecutor.runWorker(ThreadPoolExecutor.java:1149)
	at java.util.concurrent.ThreadPoolExecutor$Worker.run(ThreadPoolExecutor.java:624)
	at java.lang.Thread.run(Thread.java:748)
ERROR 16:58:47,913 [DispatchContext] (ConcurrentDocumentServer.java:138) failed to transform jupiter activity: JupiterActivity(timestamp: [17,0], operation: Insert(485,'b',485), source: jeanmatos@saros-con.imp.fu-berlin.de/Saros)
saros.concurrent.jupiter.TransformationException: Precondition #3 violated (Vector time does not match): [17,0] , [0,0]
	at saros.concurrent.jupiter.internal.Jupiter.checkPreconditions(Jupiter.java:268)
	at saros.concurrent.jupiter.internal.Jupiter.receiveJupiterActivity(Jupiter.java:158)
	at saros.concurrent.jupiter.internal.JupiterDocumentServer.transformJupiterActivity(JupiterDocumentServer.java:65)
	at saros.concurrent.management.JupiterServer.transform(JupiterServer.java:104)
	at saros.concurrent.management.ConcurrentDocumentServer.receive(ConcurrentDocumentServer.java:136)
	at saros.concurrent.management.ConcurrentDocumentServer.transformIncoming(ConcurrentDocumentServer.java:112)
	at saros.session.internal.ActivityHandler.directServerActivities(ActivityHandler.java:386)
	at saros.session.internal.ActivityHandler.handleIncomingActivities(ActivityHandler.java:136)
	at saros.session.internal.SarosSession.exec(SarosSession.java:721)
	at saros.session.internal.ActivitySequencer$3.run(ActivitySequencer.java:362)
	at saros.util.ThreadUtils$1.run(ThreadUtils.java:35)
	at java.util.concurrent.Executors$RunnableAdapter.call(Executors.java:511)
	at java.util.concurrent.FutureTask.run(FutureTask.java:266)
	at java.util.concurrent.ThreadPoolExecutor.runWorker(ThreadPoolExecutor.java:1149)
	at java.util.concurrent.ThreadPoolExecutor$Worker.run(ThreadPoolExecutor.java:624)
	at java.lang.Thread.run(Thread.java:748)
ERROR 16:58:48,655 [DispatchContext] (ConcurrentDocumentServer.java:138) failed to transform jupiter activity: JupiterActivity(timestamp: [18,0], operation: Insert(486,''',486), source: jeanmatos@saros-con.imp.fu-berlin.de/Saros)
saros.concurrent.jupiter.TransformationException: Precondition #3 violated (Vector time does not match): [18,0] , [0,0]
	at saros.concurrent.jupiter.internal.Jupiter.checkPreconditions(Jupiter.java:268)
	at saros.concurrent.jupiter.internal.Jupiter.receiveJupiterActivity(Jupiter.java:158)
	at saros.concurrent.jupiter.internal.JupiterDocumentServer.transformJupiterActivity(JupiterDocumentServer.java:65)
	at saros.concurrent.management.JupiterServer.transform(JupiterServer.java:104)
	at saros.concurrent.management.ConcurrentDocumentServer.receive(ConcurrentDocumentServer.java:136)
	at saros.concurrent.management.ConcurrentDocumentServer.transformIncoming(ConcurrentDocumentServer.java:112)
	at saros.session.internal.ActivityHandler.directServerActivities(ActivityHandler.java:386)
	at saros.session.internal.ActivityHandler.handleIncomingActivities(ActivityHandler.java:136)
	at saros.session.internal.SarosSession.exec(SarosSession.java:721)
	at saros.session.internal.ActivitySequencer$3.run(ActivitySequencer.java:362)
	at saros.util.ThreadUtils$1.run(ThreadUtils.java:35)
	at java.util.concurrent.Executors$RunnableAdapter.call(Executors.java:511)
	at java.util.concurrent.FutureTask.run(FutureTask.java:266)
	at java.util.concurrent.ThreadPoolExecutor.runWorker(ThreadPoolExecutor.java:1149)
	at java.util.concurrent.ThreadPoolExecutor$Worker.run(ThreadPoolExecutor.java:624)
	at java.lang.Thread.run(Thread.java:748)
WARN  16:59:23,922 [dpp-shutdown] (SWTUtils.java:128) could not execute runnable saros.ui.actions.RemoveUserAction$2$2@6225f14a, UI thread is not available
StackTrace:
	at saros.ui.util.SWTUtils.runSafeSWTAsync(SWTUtils.java:130)
	at saros.ui.actions.RemoveUserAction$2.sessionEnding(RemoveUserAction.java:64)
	at saros.session.SarosSessionManager.sessionEnding(SarosSessionManager.java:796)
	at saros.session.SarosSessionManager.stopSession(SarosSessionManager.java:341)
	at saros.EclipsePluginLifecycle.finalizeContext(EclipsePluginLifecycle.java:66)
	at saros.context.AbstractContextLifecycle.stop(AbstractContextLifecycle.java:111)
	at saros.Saros$1.run(Saros.java:141)
	at saros.util.ThreadUtils$1.run(ThreadUtils.java:35)
	at java.lang.Thread.run(Thread.java:748)
WARN  16:59:23,924 [dpp-shutdown] (SWTSynchronizer.java:52) could not execute runnable saros.concurrent.watchdog.ConsistencyWatchdogServer$3@47088c25, UI thread is not available
StackTrace:
	at saros.synchronize.internal.SWTSynchronizer.exec(SWTSynchronizer.java:54)
	at saros.synchronize.internal.SWTSynchronizer.asyncExec(SWTSynchronizer.java:19)
	at saros.concurrent.watchdog.ConsistencyWatchdogServer.stop(ConsistencyWatchdogServer.java:166)
	at sun.reflect.NativeMethodAccessorImpl.invoke0(Native Method)
	at sun.reflect.NativeMethodAccessorImpl.invoke(NativeMethodAccessorImpl.java:62)
	at sun.reflect.DelegatingMethodAccessorImpl.invoke(DelegatingMethodAccessorImpl.java:43)
	at java.lang.reflect.Method.invoke(Method.java:498)
	at org.picocontainer.lifecycle.StartableLifecycleStrategy.doLifecycleMethod(StartableLifecycleStrategy.java:101)
	at org.picocontainer.lifecycle.StartableLifecycleStrategy.stopComponent(StartableLifecycleStrategy.java:113)
	at org.picocontainer.lifecycle.StartableLifecycleStrategy.stop(StartableLifecycleStrategy.java:126)
	at org.picocontainer.injectors.AbstractInjectionFactory$LifecycleAdapter.stop(AbstractInjectionFactory.java:88)
	at org.picocontainer.behaviors.AbstractBehavior.stop(AbstractBehavior.java:179)
	at org.picocontainer.behaviors.Stored$RealComponentLifecycle.stop(Stored.java:141)
	at org.picocontainer.behaviors.Stored.stop(Stored.java:118)
	at org.picocontainer.DefaultPicoContainer.stopAdapters(DefaultPicoContainer.java:1036)
	at org.picocontainer.DefaultPicoContainer.stop(DefaultPicoContainer.java:791)
	at saros.session.internal.SarosSession.stop(SarosSession.java:615)
	at saros.session.SarosSessionManager.stopSession(SarosSessionManager.java:344)
	at saros.EclipsePluginLifecycle.finalizeContext(EclipsePluginLifecycle.java:66)
	at saros.context.AbstractContextLifecycle.stop(AbstractContextLifecycle.java:111)
	at saros.Saros$1.run(Saros.java:141)
	at saros.util.ThreadUtils$1.run(ThreadUtils.java:35)
	at java.lang.Thread.run(Thread.java:748)
WARN  16:59:23,926 [dpp-shutdown] (SWTUtils.java:176) could not execute runnable saros.editor.EditorManager$3$1@43463784, UI thread is not available
StackTrace:
	at saros.ui.util.SWTUtils.runSafeSWTSync(SWTUtils.java:178)
	at saros.editor.EditorManager$3.execute(EditorManager.java:239)
	at saros.editor.EditorManager$3.unblock(EditorManager.java:230)
	at saros.synchronize.StopManager.lockSession(StopManager.java:363)
	at saros.synchronize.StopManager.stop(StopManager.java:531)
	at sun.reflect.NativeMethodAccessorImpl.invoke0(Native Method)
	at sun.reflect.NativeMethodAccessorImpl.invoke(NativeMethodAccessorImpl.java:62)
	at sun.reflect.DelegatingMethodAccessorImpl.invoke(DelegatingMethodAccessorImpl.java:43)
	at java.lang.reflect.Method.invoke(Method.java:498)
	at org.picocontainer.lifecycle.StartableLifecycleStrategy.doLifecycleMethod(StartableLifecycleStrategy.java:101)
	at org.picocontainer.lifecycle.StartableLifecycleStrategy.stopComponent(StartableLifecycleStrategy.java:113)
	at org.picocontainer.lifecycle.StartableLifecycleStrategy.stop(StartableLifecycleStrategy.java:126)
	at org.picocontainer.injectors.AbstractInjectionFactory$LifecycleAdapter.stop(AbstractInjectionFactory.java:88)
	at org.picocontainer.behaviors.AbstractBehavior.stop(AbstractBehavior.java:179)
	at org.picocontainer.behaviors.Stored$RealComponentLifecycle.stop(Stored.java:141)
	at org.picocontainer.behaviors.Stored.stop(Stored.java:118)
	at org.picocontainer.DefaultPicoContainer.stopAdapters(DefaultPicoContainer.java:1036)
	at org.picocontainer.DefaultPicoContainer.stop(DefaultPicoContainer.java:791)
	at saros.session.internal.SarosSession.stop(SarosSession.java:615)
	at saros.session.SarosSessionManager.stopSession(SarosSessionManager.java:344)
	at saros.EclipsePluginLifecycle.finalizeContext(EclipsePluginLifecycle.java:66)
	at saros.context.AbstractContextLifecycle.stop(AbstractContextLifecycle.java:111)
	at saros.Saros$1.run(Saros.java:141)
	at saros.util.ThreadUtils$1.run(ThreadUtils.java:35)
	at java.lang.Thread.run(Thread.java:748)
INFO  16:59:23,929 [dpp-shutdown] (SarosSessionManager.java:345) session stopped
WARN  16:59:23,930 [dpp-shutdown] (SWTUtils.java:176) could not execute runnable saros.editor.EditorManager$5$2@1557e64a, UI thread is not available
StackTrace:
	at saros.ui.util.SWTUtils.runSafeSWTSync(SWTUtils.java:178)
	at saros.editor.EditorManager$5.sessionEnded(EditorManager.java:361)
	at saros.session.SarosSessionManager.sessionEnded(SarosSessionManager.java:806)
	at saros.session.SarosSessionManager.stopSession(SarosSessionManager.java:358)
	at saros.EclipsePluginLifecycle.finalizeContext(EclipsePluginLifecycle.java:66)
	at saros.context.AbstractContextLifecycle.stop(AbstractContextLifecycle.java:111)
	at saros.Saros$1.run(Saros.java:141)
	at saros.util.ThreadUtils$1.run(ThreadUtils.java:35)
	at java.lang.Thread.run(Thread.java:748)
WARN  16:59:23,930 [dpp-shutdown] (SWTUtils.java:128) could not execute runnable saros.ui.views.SarosView$12@4f97020c, UI thread is not available
StackTrace:
	at saros.ui.util.SWTUtils.runSafeSWTAsync(SWTUtils.java:130)
	at saros.ui.views.SarosView.clearNotifications(SarosView.java:639)
	at saros.ui.eventhandler.HostLeftAloneInSessionHandler$1.sessionEnded(HostLeftAloneInSessionHandler.java:44)
	at saros.session.SarosSessionManager.sessionEnded(SarosSessionManager.java:806)
	at saros.session.SarosSessionManager.stopSession(SarosSessionManager.java:358)
	at saros.EclipsePluginLifecycle.finalizeContext(EclipsePluginLifecycle.java:66)
	at saros.context.AbstractContextLifecycle.stop(AbstractContextLifecycle.java:111)
	at saros.Saros$1.run(Saros.java:141)
	at saros.util.ThreadUtils$1.run(ThreadUtils.java:35)
	at java.lang.Thread.run(Thread.java:748)
INFO  16:59:24,083 [dpp-shutdown] (ContainerContext.java:209) disposing context...
INFO  16:59:24,084 [dpp-shutdown] (ContainerContext.java:213) successfully disposed context
