WARN  16:32:55,511 [StunDiscovery-192.168.1.78] (StunServiceImpl.java:384) received no response from STUN server stunserver.org/67.227.226.240:3478 at local address /192.168.1.78:0
WARN  16:33:25,963 [pool-6-thread-1] (Socks5StreamService.java:329) [SOCKS5Transport] Received response connection without a running connect
WARN  18:04:36,643 [dpp-shutdown] (SWTUtils.java:128) could not execute runnable saros.ui.actions.RemoveUserAction$2$2@76d99460, UI thread is not available
StackTrace:
	at saros.ui.util.SWTUtils.runSafeSWTAsync(SWTUtils.java:130)
	at saros.ui.actions.RemoveUserAction$2.sessionEnding(RemoveUserAction.java:64)
	at saros.session.SarosSessionManager.sessionEnding(SarosSessionManager.java:796)
	at saros.session.SarosSessionManager.stopSession(SarosSessionManager.java:341)
	at saros.EclipsePluginLifecycle.finalizeContext(EclipsePluginLifecycle.java:66)
	at saros.context.AbstractContextLifecycle.stop(AbstractContextLifecycle.java:111)
	at saros.Saros$1.run(Saros.java:141)
	at saros.util.ThreadUtils$1.run(ThreadUtils.java:35)
	at java.lang.Thread.run(Thread.java:748)
WARN  18:04:36,648 [dpp-shutdown] (SWTUtils.java:176) could not execute runnable saros.editor.EditorManager$3$1@53f4eb90, UI thread is not available
StackTrace:
	at saros.ui.util.SWTUtils.runSafeSWTSync(SWTUtils.java:178)
	at saros.editor.EditorManager$3.execute(EditorManager.java:239)
	at saros.editor.EditorManager$3.unblock(EditorManager.java:230)
	at saros.synchronize.StopManager.lockSession(StopManager.java:363)
	at saros.synchronize.StopManager.stop(StopManager.java:531)
	at sun.reflect.NativeMethodAccessorImpl.invoke0(Native Method)
	at sun.reflect.NativeMethodAccessorImpl.invoke(NativeMethodAccessorImpl.java:62)
	at sun.reflect.DelegatingMethodAccessorImpl.invoke(DelegatingMethodAccessorImpl.java:43)
	at java.lang.reflect.Method.invoke(Method.java:498)
	at org.picocontainer.lifecycle.StartableLifecycleStrategy.doLifecycleMethod(StartableLifecycleStrategy.java:101)
	at org.picocontainer.lifecycle.StartableLifecycleStrategy.stopComponent(StartableLifecycleStrategy.java:113)
	at org.picocontainer.lifecycle.StartableLifecycleStrategy.stop(StartableLifecycleStrategy.java:126)
	at org.picocontainer.injectors.AbstractInjectionFactory$LifecycleAdapter.stop(AbstractInjectionFactory.java:88)
	at org.picocontainer.behaviors.AbstractBehavior.stop(AbstractBehavior.java:179)
	at org.picocontainer.behaviors.Stored$RealComponentLifecycle.stop(Stored.java:141)
	at org.picocontainer.behaviors.Stored.stop(Stored.java:118)
	at org.picocontainer.DefaultPicoContainer.stopAdapters(DefaultPicoContainer.java:1036)
	at org.picocontainer.DefaultPicoContainer.stop(DefaultPicoContainer.java:791)
	at saros.session.internal.SarosSession.stop(SarosSession.java:615)
	at saros.session.SarosSessionManager.stopSession(SarosSessionManager.java:344)
	at saros.EclipsePluginLifecycle.finalizeContext(EclipsePluginLifecycle.java:66)
	at saros.context.AbstractContextLifecycle.stop(AbstractContextLifecycle.java:111)
	at saros.Saros$1.run(Saros.java:141)
	at saros.util.ThreadUtils$1.run(ThreadUtils.java:35)
	at java.lang.Thread.run(Thread.java:748)
WARN  18:04:36,652 [dpp-shutdown] (SWTUtils.java:176) could not execute runnable saros.editor.EditorManager$5$2@7d84908c, UI thread is not available
StackTrace:
	at saros.ui.util.SWTUtils.runSafeSWTSync(SWTUtils.java:178)
	at saros.editor.EditorManager$5.sessionEnded(EditorManager.java:361)
	at saros.session.SarosSessionManager.sessionEnded(SarosSessionManager.java:806)
	at saros.session.SarosSessionManager.stopSession(SarosSessionManager.java:358)
	at saros.EclipsePluginLifecycle.finalizeContext(EclipsePluginLifecycle.java:66)
	at saros.context.AbstractContextLifecycle.stop(AbstractContextLifecycle.java:111)
	at saros.Saros$1.run(Saros.java:141)
	at saros.util.ThreadUtils$1.run(ThreadUtils.java:35)
	at java.lang.Thread.run(Thread.java:748)
WARN  18:04:36,653 [dpp-shutdown] (SWTUtils.java:128) could not execute runnable saros.ui.views.SarosView$12@57b42922, UI thread is not available
StackTrace:
	at saros.ui.util.SWTUtils.runSafeSWTAsync(SWTUtils.java:130)
	at saros.ui.views.SarosView.clearNotifications(SarosView.java:639)
	at saros.ui.eventhandler.HostLeftAloneInSessionHandler$1.sessionEnded(HostLeftAloneInSessionHandler.java:44)
	at saros.session.SarosSessionManager.sessionEnded(SarosSessionManager.java:806)
	at saros.session.SarosSessionManager.stopSession(SarosSessionManager.java:358)
	at saros.EclipsePluginLifecycle.finalizeContext(EclipsePluginLifecycle.java:66)
	at saros.context.AbstractContextLifecycle.stop(AbstractContextLifecycle.java:111)
	at saros.Saros$1.run(Saros.java:141)
	at saros.util.ThreadUtils$1.run(ThreadUtils.java:35)
	at java.lang.Thread.run(Thread.java:748)
