INFO  16:32:34,431 [StunDiscovery-192.168.1.78] (StunServiceImpl.java:384) Starting Saros 15.0.0 running:
  Java Version: 1.8.0_231
  Java Vendor: Oracle Corporation
  Eclipse Runtime Version: 3.17.100.v20200203-0917
  Operating System: Windows 10 (10.0)
  Hardware Architecture: amd64
INFO  16:32:34,463 [StunDiscovery-192.168.1.78] (StunServiceImpl.java:384) initializing context...
INFO  16:32:35,201 [StunDiscovery-192.168.1.78] (StunServiceImpl.java:384) initializing preference default values
INFO  16:32:35,278 [StunDiscovery-192.168.1.78] (StunServiceImpl.java:384) successfully initialized context
WARN  16:32:55,511 [StunDiscovery-192.168.1.78] (StunServiceImpl.java:384) received no response from STUN server stunserver.org/67.227.226.240:3478 at local address /192.168.1.78:0
INFO  16:33:21,066 [DispatchContext] (NegotiationPacketListener.java:227) received invitation from takaz@saros-con.imp.fu-berlin.de/Saros [negotiation id: 6546148113866780628, session id: 1419112530, version: 15.0.0]
INFO  16:33:23,100 [ModalContext] (SarosSessionManager.java:301) joined uninitialized Saros session
INFO  16:33:23,100 [ModalContext] (DataTransferManager.java:416) establishing connection to takaz@saros-con.imp.fu-berlin.de/Saros from jeanmatos@saros-con.imp.fu-berlin.de/Saros using stream service XMPP-Socks5-Stream-Service
INFO  16:33:25,727 [DispatchContext] (NegotiationPacketListener.java:310) received project negotiation from takaz@saros-con.imp.fu-berlin.de/Saros with negotiation id: 4975072097562182368
WARN  16:33:25,963 [pool-6-thread-1] (Socks5StreamService.java:329) [SOCKS5Transport] Received response connection without a running connect
DEBUG 16:33:27,938 [Smack Listener Processor (0)] (MultiUserChatStateManager.java:98) Incoming Message from saros_1419112530@conference.saros-con.imp.fu-berlin.de/jeanmatos@saros-con.imp.fu-berlin.de/Saros with state: active
INFO  16:33:55,909 [DispatchContext] (SarosSession.java:453) user takaz@saros-con.imp.fu-berlin.de/Saros now has Projects and can process IResourceActivities
INFO  16:34:00,930 [main] (ConsistencyWatchdogClient.java:345) Inconsistencies have been detected
WARN  18:04:36,643 [dpp-shutdown] (SWTUtils.java:128) could not execute runnable saros.ui.actions.RemoveUserAction$2$2@76d99460, UI thread is not available
StackTrace:
	at saros.ui.util.SWTUtils.runSafeSWTAsync(SWTUtils.java:130)
	at saros.ui.actions.RemoveUserAction$2.sessionEnding(RemoveUserAction.java:64)
	at saros.session.SarosSessionManager.sessionEnding(SarosSessionManager.java:796)
	at saros.session.SarosSessionManager.stopSession(SarosSessionManager.java:341)
	at saros.EclipsePluginLifecycle.finalizeContext(EclipsePluginLifecycle.java:66)
	at saros.context.AbstractContextLifecycle.stop(AbstractContextLifecycle.java:111)
	at saros.Saros$1.run(Saros.java:141)
	at saros.util.ThreadUtils$1.run(ThreadUtils.java:35)
	at java.lang.Thread.run(Thread.java:748)
WARN  18:04:36,648 [dpp-shutdown] (SWTUtils.java:176) could not execute runnable saros.editor.EditorManager$3$1@53f4eb90, UI thread is not available
StackTrace:
	at saros.ui.util.SWTUtils.runSafeSWTSync(SWTUtils.java:178)
	at saros.editor.EditorManager$3.execute(EditorManager.java:239)
	at saros.editor.EditorManager$3.unblock(EditorManager.java:230)
	at saros.synchronize.StopManager.lockSession(StopManager.java:363)
	at saros.synchronize.StopManager.stop(StopManager.java:531)
	at sun.reflect.NativeMethodAccessorImpl.invoke0(Native Method)
	at sun.reflect.NativeMethodAccessorImpl.invoke(NativeMethodAccessorImpl.java:62)
	at sun.reflect.DelegatingMethodAccessorImpl.invoke(DelegatingMethodAccessorImpl.java:43)
	at java.lang.reflect.Method.invoke(Method.java:498)
	at org.picocontainer.lifecycle.StartableLifecycleStrategy.doLifecycleMethod(StartableLifecycleStrategy.java:101)
	at org.picocontainer.lifecycle.StartableLifecycleStrategy.stopComponent(StartableLifecycleStrategy.java:113)
	at org.picocontainer.lifecycle.StartableLifecycleStrategy.stop(StartableLifecycleStrategy.java:126)
	at org.picocontainer.injectors.AbstractInjectionFactory$LifecycleAdapter.stop(AbstractInjectionFactory.java:88)
	at org.picocontainer.behaviors.AbstractBehavior.stop(AbstractBehavior.java:179)
	at org.picocontainer.behaviors.Stored$RealComponentLifecycle.stop(Stored.java:141)
	at org.picocontainer.behaviors.Stored.stop(Stored.java:118)
	at org.picocontainer.DefaultPicoContainer.stopAdapters(DefaultPicoContainer.java:1036)
	at org.picocontainer.DefaultPicoContainer.stop(DefaultPicoContainer.java:791)
	at saros.session.internal.SarosSession.stop(SarosSession.java:615)
	at saros.session.SarosSessionManager.stopSession(SarosSessionManager.java:344)
	at saros.EclipsePluginLifecycle.finalizeContext(EclipsePluginLifecycle.java:66)
	at saros.context.AbstractContextLifecycle.stop(AbstractContextLifecycle.java:111)
	at saros.Saros$1.run(Saros.java:141)
	at saros.util.ThreadUtils$1.run(ThreadUtils.java:35)
	at java.lang.Thread.run(Thread.java:748)
INFO  18:04:36,651 [dpp-shutdown] (SarosSessionManager.java:345) session stopped
WARN  18:04:36,652 [dpp-shutdown] (SWTUtils.java:176) could not execute runnable saros.editor.EditorManager$5$2@7d84908c, UI thread is not available
StackTrace:
	at saros.ui.util.SWTUtils.runSafeSWTSync(SWTUtils.java:178)
	at saros.editor.EditorManager$5.sessionEnded(EditorManager.java:361)
	at saros.session.SarosSessionManager.sessionEnded(SarosSessionManager.java:806)
	at saros.session.SarosSessionManager.stopSession(SarosSessionManager.java:358)
	at saros.EclipsePluginLifecycle.finalizeContext(EclipsePluginLifecycle.java:66)
	at saros.context.AbstractContextLifecycle.stop(AbstractContextLifecycle.java:111)
	at saros.Saros$1.run(Saros.java:141)
	at saros.util.ThreadUtils$1.run(ThreadUtils.java:35)
	at java.lang.Thread.run(Thread.java:748)
WARN  18:04:36,653 [dpp-shutdown] (SWTUtils.java:128) could not execute runnable saros.ui.views.SarosView$12@57b42922, UI thread is not available
StackTrace:
	at saros.ui.util.SWTUtils.runSafeSWTAsync(SWTUtils.java:130)
	at saros.ui.views.SarosView.clearNotifications(SarosView.java:639)
	at saros.ui.eventhandler.HostLeftAloneInSessionHandler$1.sessionEnded(HostLeftAloneInSessionHandler.java:44)
	at saros.session.SarosSessionManager.sessionEnded(SarosSessionManager.java:806)
	at saros.session.SarosSessionManager.stopSession(SarosSessionManager.java:358)
	at saros.EclipsePluginLifecycle.finalizeContext(EclipsePluginLifecycle.java:66)
	at saros.context.AbstractContextLifecycle.stop(AbstractContextLifecycle.java:111)
	at saros.Saros$1.run(Saros.java:141)
	at saros.util.ThreadUtils$1.run(ThreadUtils.java:35)
	at java.lang.Thread.run(Thread.java:748)
INFO  18:04:36,806 [dpp-shutdown] (ContainerContext.java:209) disposing context...
INFO  18:04:36,807 [dpp-shutdown] (ContainerContext.java:213) successfully disposed context
