WARN  18:07:12,996 [StunDiscovery-192.168.1.78] (StunServiceImpl.java:384) received no response from STUN server stunserver.org/67.227.226.240:3478 at local address /192.168.1.78:0
WARN  18:08:41,504 [pool-6-thread-1] (Socks5StreamService.java:329) [SOCKS5Transport] Received response connection without a running connect
WARN  18:12:46,992 [main] (SharedProjectFileDecorator.java:154) resource for editor SPath [project=P/GraphPack_2019_2020_V1_3 (EclipseProjectImpl), projectRelativePath=src/pt/iul/ista/poo/utils/Direction.java] does not exist locally
WARN  18:12:47,020 [main] (SharedProjectFileDecorator.java:154) resource for editor SPath [project=P/GraphPack_2019_2020_V1_3 (EclipseProjectImpl), projectRelativePath=src/pt/iul/ista/poo/utils/Direction.java] does not exist locally
WARN  18:12:53,430 [main] (SharedProjectFileDecorator.java:154) resource for editor SPath [project=P/GraphPack_2019_2020_V1_3 (EclipseProjectImpl), projectRelativePath=src/pt/iul/ista/poo/utils/Direction.java] does not exist locally
WARN  18:12:53,451 [main] (SharedProjectFileDecorator.java:154) resource for editor SPath [project=P/GraphPack_2019_2020_V1_3 (EclipseProjectImpl), projectRelativePath=src/pt/iul/ista/poo/utils/Direction.java] does not exist locally
ERROR 18:41:14,131 [main] (RemoteWriteAccessManager.java:136) Attempting to connect to file which is not available locally: SPath [project=P/GraphPack_2019_2020_V1_3 (EclipseProjectImpl), projectRelativePath=src/pt/iul/ista/poo/gui/ImageMatrixGUI.java]
StackTrace:
	at saros.editor.RemoteWriteAccessManager.connectDocumentProvider(RemoteWriteAccessManager.java:138)
	at saros.editor.RemoteWriteAccessManager.updateConnectionState(RemoteWriteAccessManager.java:182)
	at saros.editor.RemoteWriteAccessManager.receive(RemoteWriteAccessManager.java:79)
	at saros.activities.EditorActivity.dispatch(EditorActivity.java:106)
	at saros.session.AbstractActivityConsumer.exec(AbstractActivityConsumer.java:81)
	at saros.editor.EditorManager$2.exec(EditorManager.java:179)
	at saros.session.internal.SarosSession$2.execute(SarosSession.java:193)
	at saros.session.internal.ActivityHandler$3.run(ActivityHandler.java:338)
	at saros.util.ThreadUtils$1.run(ThreadUtils.java:35)
	at org.eclipse.swt.widgets.RunnableLock.run(RunnableLock.java:40)
	at org.eclipse.swt.widgets.Synchronizer.runAsyncMessages(Synchronizer.java:185)
	at org.eclipse.swt.widgets.Display.runAsyncMessages(Display.java:3897)
	at org.eclipse.swt.widgets.Display.readAndDispatch(Display.java:3527)
	at org.eclipse.e4.ui.internal.workbench.swt.PartRenderingEngine$5.run(PartRenderingEngine.java:1160)
	at org.eclipse.core.databinding.observable.Realm.runWithDefault(Realm.java:338)
	at org.eclipse.e4.ui.internal.workbench.swt.PartRenderingEngine.run(PartRenderingEngine.java:1049)
	at org.eclipse.e4.ui.internal.workbench.E4Workbench.createAndRunUI(E4Workbench.java:155)
	at org.eclipse.ui.internal.Workbench.lambda$3(Workbench.java:658)
	at org.eclipse.core.databinding.observable.Realm.runWithDefault(Realm.java:338)
	at org.eclipse.ui.internal.Workbench.createAndRunWorkbench(Workbench.java:557)
	at org.eclipse.ui.PlatformUI.createAndRunWorkbench(PlatformUI.java:154)
	at org.eclipse.ui.internal.ide.application.IDEApplication.start(IDEApplication.java:150)
	at org.eclipse.equinox.internal.app.EclipseAppHandle.run(EclipseAppHandle.java:203)
	at org.eclipse.core.runtime.internal.adaptor.EclipseAppLauncher.runApplication(EclipseAppLauncher.java:137)
	at org.eclipse.core.runtime.internal.adaptor.EclipseAppLauncher.start(EclipseAppLauncher.java:107)
	at org.eclipse.core.runtime.adaptor.EclipseStarter.run(EclipseStarter.java:401)
	at org.eclipse.core.runtime.adaptor.EclipseStarter.run(EclipseStarter.java:255)
	at sun.reflect.NativeMethodAccessorImpl.invoke0(Native Method)
	at sun.reflect.NativeMethodAccessorImpl.invoke(NativeMethodAccessorImpl.java:62)
	at sun.reflect.DelegatingMethodAccessorImpl.invoke(DelegatingMethodAccessorImpl.java:43)
	at java.lang.reflect.Method.invoke(Method.java:498)
	at org.eclipse.equinox.launcher.Main.invokeFramework(Main.java:657)
	at org.eclipse.equinox.launcher.Main.basicRun(Main.java:594)
	at org.eclipse.equinox.launcher.Main.run(Main.java:1447)
WARN  18:41:14,135 [main] (SharedProjectFileDecorator.java:154) resource for editor SPath [project=P/GraphPack_2019_2020_V1_3 (EclipseProjectImpl), projectRelativePath=src/pt/iul/ista/poo/gui/ImageMatrixGUI.java] does not exist locally
ERROR 18:41:14,155 [main] (RemoteWriteAccessManager.java:136) Attempting to connect to file which is not available locally: SPath [project=P/GraphPack_2019_2020_V1_3 (EclipseProjectImpl), projectRelativePath=src/pt/iul/ista/poo/gui/ImageMatrixGUI.java]
StackTrace:
	at saros.editor.RemoteWriteAccessManager.connectDocumentProvider(RemoteWriteAccessManager.java:138)
	at saros.editor.RemoteWriteAccessManager.updateConnectionState(RemoteWriteAccessManager.java:182)
	at saros.editor.RemoteWriteAccessManager.receive(RemoteWriteAccessManager.java:79)
	at saros.activities.EditorActivity.dispatch(EditorActivity.java:106)
	at saros.session.AbstractActivityConsumer.exec(AbstractActivityConsumer.java:81)
	at saros.editor.EditorManager$2.exec(EditorManager.java:179)
	at saros.session.internal.SarosSession$2.execute(SarosSession.java:193)
	at saros.session.internal.ActivityHandler$3.run(ActivityHandler.java:338)
	at saros.util.ThreadUtils$1.run(ThreadUtils.java:35)
	at org.eclipse.swt.widgets.RunnableLock.run(RunnableLock.java:40)
	at org.eclipse.swt.widgets.Synchronizer.runAsyncMessages(Synchronizer.java:185)
	at org.eclipse.swt.widgets.Display.runAsyncMessages(Display.java:3897)
	at org.eclipse.swt.widgets.Display.readAndDispatch(Display.java:3527)
	at org.eclipse.e4.ui.internal.workbench.swt.PartRenderingEngine$5.run(PartRenderingEngine.java:1160)
	at org.eclipse.core.databinding.observable.Realm.runWithDefault(Realm.java:338)
	at org.eclipse.e4.ui.internal.workbench.swt.PartRenderingEngine.run(PartRenderingEngine.java:1049)
	at org.eclipse.e4.ui.internal.workbench.E4Workbench.createAndRunUI(E4Workbench.java:155)
	at org.eclipse.ui.internal.Workbench.lambda$3(Workbench.java:658)
	at org.eclipse.core.databinding.observable.Realm.runWithDefault(Realm.java:338)
	at org.eclipse.ui.internal.Workbench.createAndRunWorkbench(Workbench.java:557)
	at org.eclipse.ui.PlatformUI.createAndRunWorkbench(PlatformUI.java:154)
	at org.eclipse.ui.internal.ide.application.IDEApplication.start(IDEApplication.java:150)
	at org.eclipse.equinox.internal.app.EclipseAppHandle.run(EclipseAppHandle.java:203)
	at org.eclipse.core.runtime.internal.adaptor.EclipseAppLauncher.runApplication(EclipseAppLauncher.java:137)
	at org.eclipse.core.runtime.internal.adaptor.EclipseAppLauncher.start(EclipseAppLauncher.java:107)
	at org.eclipse.core.runtime.adaptor.EclipseStarter.run(EclipseStarter.java:401)
	at org.eclipse.core.runtime.adaptor.EclipseStarter.run(EclipseStarter.java:255)
	at sun.reflect.NativeMethodAccessorImpl.invoke0(Native Method)
	at sun.reflect.NativeMethodAccessorImpl.invoke(NativeMethodAccessorImpl.java:62)
	at sun.reflect.DelegatingMethodAccessorImpl.invoke(DelegatingMethodAccessorImpl.java:43)
	at java.lang.reflect.Method.invoke(Method.java:498)
	at org.eclipse.equinox.launcher.Main.invokeFramework(Main.java:657)
	at org.eclipse.equinox.launcher.Main.basicRun(Main.java:594)
	at org.eclipse.equinox.launcher.Main.run(Main.java:1447)
WARN  18:41:14,156 [main] (SharedProjectFileDecorator.java:154) resource for editor SPath [project=P/GraphPack_2019_2020_V1_3 (EclipseProjectImpl), projectRelativePath=src/pt/iul/ista/poo/gui/ImageMatrixGUI.java] does not exist locally
ERROR 18:41:14,156 [main] (RemoteWriteAccessManager.java:136) Attempting to connect to file which is not available locally: SPath [project=P/GraphPack_2019_2020_V1_3 (EclipseProjectImpl), projectRelativePath=src/pt/iul/ista/poo/gui/ImageMatrixGUI.java]
StackTrace:
	at saros.editor.RemoteWriteAccessManager.connectDocumentProvider(RemoteWriteAccessManager.java:138)
	at saros.editor.RemoteWriteAccessManager.updateConnectionState(RemoteWriteAccessManager.java:182)
	at saros.editor.RemoteWriteAccessManager.receive(RemoteWriteAccessManager.java:79)
	at saros.activities.EditorActivity.dispatch(EditorActivity.java:106)
	at saros.session.AbstractActivityConsumer.exec(AbstractActivityConsumer.java:81)
	at saros.editor.EditorManager$2.exec(EditorManager.java:179)
	at saros.session.internal.SarosSession$2.execute(SarosSession.java:193)
	at saros.session.internal.ActivityHandler$3.run(ActivityHandler.java:338)
	at saros.util.ThreadUtils$1.run(ThreadUtils.java:35)
	at org.eclipse.swt.widgets.RunnableLock.run(RunnableLock.java:40)
	at org.eclipse.swt.widgets.Synchronizer.runAsyncMessages(Synchronizer.java:185)
	at org.eclipse.swt.widgets.Display.runAsyncMessages(Display.java:3897)
	at org.eclipse.swt.widgets.Display.readAndDispatch(Display.java:3527)
	at org.eclipse.e4.ui.internal.workbench.swt.PartRenderingEngine$5.run(PartRenderingEngine.java:1160)
	at org.eclipse.core.databinding.observable.Realm.runWithDefault(Realm.java:338)
	at org.eclipse.e4.ui.internal.workbench.swt.PartRenderingEngine.run(PartRenderingEngine.java:1049)
	at org.eclipse.e4.ui.internal.workbench.E4Workbench.createAndRunUI(E4Workbench.java:155)
	at org.eclipse.ui.internal.Workbench.lambda$3(Workbench.java:658)
	at org.eclipse.core.databinding.observable.Realm.runWithDefault(Realm.java:338)
	at org.eclipse.ui.internal.Workbench.createAndRunWorkbench(Workbench.java:557)
	at org.eclipse.ui.PlatformUI.createAndRunWorkbench(PlatformUI.java:154)
	at org.eclipse.ui.internal.ide.application.IDEApplication.start(IDEApplication.java:150)
	at org.eclipse.equinox.internal.app.EclipseAppHandle.run(EclipseAppHandle.java:203)
	at org.eclipse.core.runtime.internal.adaptor.EclipseAppLauncher.runApplication(EclipseAppLauncher.java:137)
	at org.eclipse.core.runtime.internal.adaptor.EclipseAppLauncher.start(EclipseAppLauncher.java:107)
	at org.eclipse.core.runtime.adaptor.EclipseStarter.run(EclipseStarter.java:401)
	at org.eclipse.core.runtime.adaptor.EclipseStarter.run(EclipseStarter.java:255)
	at sun.reflect.NativeMethodAccessorImpl.invoke0(Native Method)
	at sun.reflect.NativeMethodAccessorImpl.invoke(NativeMethodAccessorImpl.java:62)
	at sun.reflect.DelegatingMethodAccessorImpl.invoke(DelegatingMethodAccessorImpl.java:43)
	at java.lang.reflect.Method.invoke(Method.java:498)
	at org.eclipse.equinox.launcher.Main.invokeFramework(Main.java:657)
	at org.eclipse.equinox.launcher.Main.basicRun(Main.java:594)
	at org.eclipse.equinox.launcher.Main.run(Main.java:1447)
WARN  18:41:14,157 [main] (SharedProjectFileDecorator.java:154) resource for editor SPath [project=P/GraphPack_2019_2020_V1_3 (EclipseProjectImpl), projectRelativePath=src/pt/iul/ista/poo/gui/ImageMatrixGUI.java] does not exist locally
ERROR 18:41:33,814 [main] (RemoteWriteAccessManager.java:136) Attempting to connect to file which is not available locally: SPath [project=P/GraphPack_2019_2020_V1_3 (EclipseProjectImpl), projectRelativePath=src/pt/iul/ista/poo/gui/ImageMatrixGUI.java]
StackTrace:
	at saros.editor.RemoteWriteAccessManager.connectDocumentProvider(RemoteWriteAccessManager.java:138)
	at saros.editor.RemoteWriteAccessManager.updateConnectionState(RemoteWriteAccessManager.java:182)
	at saros.editor.RemoteWriteAccessManager.receive(RemoteWriteAccessManager.java:79)
	at saros.activities.EditorActivity.dispatch(EditorActivity.java:106)
	at saros.session.AbstractActivityConsumer.exec(AbstractActivityConsumer.java:81)
	at saros.editor.EditorManager$2.exec(EditorManager.java:179)
	at saros.session.internal.SarosSession$2.execute(SarosSession.java:193)
	at saros.session.internal.ActivityHandler$3.run(ActivityHandler.java:338)
	at saros.util.ThreadUtils$1.run(ThreadUtils.java:35)
	at org.eclipse.swt.widgets.RunnableLock.run(RunnableLock.java:40)
	at org.eclipse.swt.widgets.Synchronizer.runAsyncMessages(Synchronizer.java:185)
	at org.eclipse.swt.widgets.Display.runAsyncMessages(Display.java:3897)
	at org.eclipse.swt.widgets.Display.readAndDispatch(Display.java:3527)
	at org.eclipse.e4.ui.internal.workbench.swt.PartRenderingEngine$5.run(PartRenderingEngine.java:1160)
	at org.eclipse.core.databinding.observable.Realm.runWithDefault(Realm.java:338)
	at org.eclipse.e4.ui.internal.workbench.swt.PartRenderingEngine.run(PartRenderingEngine.java:1049)
	at org.eclipse.e4.ui.internal.workbench.E4Workbench.createAndRunUI(E4Workbench.java:155)
	at org.eclipse.ui.internal.Workbench.lambda$3(Workbench.java:658)
	at org.eclipse.core.databinding.observable.Realm.runWithDefault(Realm.java:338)
	at org.eclipse.ui.internal.Workbench.createAndRunWorkbench(Workbench.java:557)
	at org.eclipse.ui.PlatformUI.createAndRunWorkbench(PlatformUI.java:154)
	at org.eclipse.ui.internal.ide.application.IDEApplication.start(IDEApplication.java:150)
	at org.eclipse.equinox.internal.app.EclipseAppHandle.run(EclipseAppHandle.java:203)
	at org.eclipse.core.runtime.internal.adaptor.EclipseAppLauncher.runApplication(EclipseAppLauncher.java:137)
	at org.eclipse.core.runtime.internal.adaptor.EclipseAppLauncher.start(EclipseAppLauncher.java:107)
	at org.eclipse.core.runtime.adaptor.EclipseStarter.run(EclipseStarter.java:401)
	at org.eclipse.core.runtime.adaptor.EclipseStarter.run(EclipseStarter.java:255)
	at sun.reflect.NativeMethodAccessorImpl.invoke0(Native Method)
	at sun.reflect.NativeMethodAccessorImpl.invoke(NativeMethodAccessorImpl.java:62)
	at sun.reflect.DelegatingMethodAccessorImpl.invoke(DelegatingMethodAccessorImpl.java:43)
	at java.lang.reflect.Method.invoke(Method.java:498)
	at org.eclipse.equinox.launcher.Main.invokeFramework(Main.java:657)
	at org.eclipse.equinox.launcher.Main.basicRun(Main.java:594)
	at org.eclipse.equinox.launcher.Main.run(Main.java:1447)
WARN  18:41:33,814 [main] (SharedProjectFileDecorator.java:154) resource for editor SPath [project=P/GraphPack_2019_2020_V1_3 (EclipseProjectImpl), projectRelativePath=src/pt/iul/ista/poo/gui/ImageMatrixGUI.java] does not exist locally
ERROR 18:41:33,829 [main] (RemoteWriteAccessManager.java:136) Attempting to connect to file which is not available locally: SPath [project=P/GraphPack_2019_2020_V1_3 (EclipseProjectImpl), projectRelativePath=src/pt/iul/ista/poo/gui/ImageMatrixGUI.java]
StackTrace:
	at saros.editor.RemoteWriteAccessManager.connectDocumentProvider(RemoteWriteAccessManager.java:138)
	at saros.editor.RemoteWriteAccessManager.updateConnectionState(RemoteWriteAccessManager.java:182)
	at saros.editor.RemoteWriteAccessManager.receive(RemoteWriteAccessManager.java:79)
	at saros.activities.EditorActivity.dispatch(EditorActivity.java:106)
	at saros.session.AbstractActivityConsumer.exec(AbstractActivityConsumer.java:81)
	at saros.editor.EditorManager$2.exec(EditorManager.java:179)
	at saros.session.internal.SarosSession$2.execute(SarosSession.java:193)
	at saros.session.internal.ActivityHandler$3.run(ActivityHandler.java:338)
	at saros.util.ThreadUtils$1.run(ThreadUtils.java:35)
	at org.eclipse.swt.widgets.RunnableLock.run(RunnableLock.java:40)
	at org.eclipse.swt.widgets.Synchronizer.runAsyncMessages(Synchronizer.java:185)
	at org.eclipse.swt.widgets.Display.runAsyncMessages(Display.java:3897)
	at org.eclipse.swt.widgets.Display.readAndDispatch(Display.java:3527)
	at org.eclipse.e4.ui.internal.workbench.swt.PartRenderingEngine$5.run(PartRenderingEngine.java:1160)
	at org.eclipse.core.databinding.observable.Realm.runWithDefault(Realm.java:338)
	at org.eclipse.e4.ui.internal.workbench.swt.PartRenderingEngine.run(PartRenderingEngine.java:1049)
	at org.eclipse.e4.ui.internal.workbench.E4Workbench.createAndRunUI(E4Workbench.java:155)
	at org.eclipse.ui.internal.Workbench.lambda$3(Workbench.java:658)
	at org.eclipse.core.databinding.observable.Realm.runWithDefault(Realm.java:338)
	at org.eclipse.ui.internal.Workbench.createAndRunWorkbench(Workbench.java:557)
	at org.eclipse.ui.PlatformUI.createAndRunWorkbench(PlatformUI.java:154)
	at org.eclipse.ui.internal.ide.application.IDEApplication.start(IDEApplication.java:150)
	at org.eclipse.equinox.internal.app.EclipseAppHandle.run(EclipseAppHandle.java:203)
	at org.eclipse.core.runtime.internal.adaptor.EclipseAppLauncher.runApplication(EclipseAppLauncher.java:137)
	at org.eclipse.core.runtime.internal.adaptor.EclipseAppLauncher.start(EclipseAppLauncher.java:107)
	at org.eclipse.core.runtime.adaptor.EclipseStarter.run(EclipseStarter.java:401)
	at org.eclipse.core.runtime.adaptor.EclipseStarter.run(EclipseStarter.java:255)
	at sun.reflect.NativeMethodAccessorImpl.invoke0(Native Method)
	at sun.reflect.NativeMethodAccessorImpl.invoke(NativeMethodAccessorImpl.java:62)
	at sun.reflect.DelegatingMethodAccessorImpl.invoke(DelegatingMethodAccessorImpl.java:43)
	at java.lang.reflect.Method.invoke(Method.java:498)
	at org.eclipse.equinox.launcher.Main.invokeFramework(Main.java:657)
	at org.eclipse.equinox.launcher.Main.basicRun(Main.java:594)
	at org.eclipse.equinox.launcher.Main.run(Main.java:1447)
WARN  18:41:33,829 [main] (SharedProjectFileDecorator.java:154) resource for editor SPath [project=P/GraphPack_2019_2020_V1_3 (EclipseProjectImpl), projectRelativePath=src/pt/iul/ista/poo/gui/ImageMatrixGUI.java] does not exist locally
ERROR 18:41:41,984 [main] (RemoteWriteAccessManager.java:136) Attempting to connect to file which is not available locally: SPath [project=P/GraphPack_2019_2020_V1_3 (EclipseProjectImpl), projectRelativePath=src/pt/iul/ista/poo/gui/ImageTile.java]
StackTrace:
	at saros.editor.RemoteWriteAccessManager.connectDocumentProvider(RemoteWriteAccessManager.java:138)
	at saros.editor.RemoteWriteAccessManager.updateConnectionState(RemoteWriteAccessManager.java:182)
	at saros.editor.RemoteWriteAccessManager.receive(RemoteWriteAccessManager.java:79)
	at saros.activities.EditorActivity.dispatch(EditorActivity.java:106)
	at saros.session.AbstractActivityConsumer.exec(AbstractActivityConsumer.java:81)
	at saros.editor.EditorManager$2.exec(EditorManager.java:179)
	at saros.session.internal.SarosSession$2.execute(SarosSession.java:193)
	at saros.session.internal.ActivityHandler$3.run(ActivityHandler.java:338)
	at saros.util.ThreadUtils$1.run(ThreadUtils.java:35)
	at org.eclipse.swt.widgets.RunnableLock.run(RunnableLock.java:40)
	at org.eclipse.swt.widgets.Synchronizer.runAsyncMessages(Synchronizer.java:185)
	at org.eclipse.swt.widgets.Display.runAsyncMessages(Display.java:3897)
	at org.eclipse.swt.widgets.Display.readAndDispatch(Display.java:3527)
	at org.eclipse.e4.ui.internal.workbench.swt.PartRenderingEngine$5.run(PartRenderingEngine.java:1160)
	at org.eclipse.core.databinding.observable.Realm.runWithDefault(Realm.java:338)
	at org.eclipse.e4.ui.internal.workbench.swt.PartRenderingEngine.run(PartRenderingEngine.java:1049)
	at org.eclipse.e4.ui.internal.workbench.E4Workbench.createAndRunUI(E4Workbench.java:155)
	at org.eclipse.ui.internal.Workbench.lambda$3(Workbench.java:658)
	at org.eclipse.core.databinding.observable.Realm.runWithDefault(Realm.java:338)
	at org.eclipse.ui.internal.Workbench.createAndRunWorkbench(Workbench.java:557)
	at org.eclipse.ui.PlatformUI.createAndRunWorkbench(PlatformUI.java:154)
	at org.eclipse.ui.internal.ide.application.IDEApplication.start(IDEApplication.java:150)
	at org.eclipse.equinox.internal.app.EclipseAppHandle.run(EclipseAppHandle.java:203)
	at org.eclipse.core.runtime.internal.adaptor.EclipseAppLauncher.runApplication(EclipseAppLauncher.java:137)
	at org.eclipse.core.runtime.internal.adaptor.EclipseAppLauncher.start(EclipseAppLauncher.java:107)
	at org.eclipse.core.runtime.adaptor.EclipseStarter.run(EclipseStarter.java:401)
	at org.eclipse.core.runtime.adaptor.EclipseStarter.run(EclipseStarter.java:255)
	at sun.reflect.NativeMethodAccessorImpl.invoke0(Native Method)
	at sun.reflect.NativeMethodAccessorImpl.invoke(NativeMethodAccessorImpl.java:62)
	at sun.reflect.DelegatingMethodAccessorImpl.invoke(DelegatingMethodAccessorImpl.java:43)
	at java.lang.reflect.Method.invoke(Method.java:498)
	at org.eclipse.equinox.launcher.Main.invokeFramework(Main.java:657)
	at org.eclipse.equinox.launcher.Main.basicRun(Main.java:594)
	at org.eclipse.equinox.launcher.Main.run(Main.java:1447)
WARN  18:41:41,985 [main] (SharedProjectFileDecorator.java:154) resource for editor SPath [project=P/GraphPack_2019_2020_V1_3 (EclipseProjectImpl), projectRelativePath=src/pt/iul/ista/poo/gui/ImageTile.java] does not exist locally
ERROR 18:41:42,001 [main] (RemoteWriteAccessManager.java:136) Attempting to connect to file which is not available locally: SPath [project=P/GraphPack_2019_2020_V1_3 (EclipseProjectImpl), projectRelativePath=src/pt/iul/ista/poo/gui/ImageTile.java]
StackTrace:
	at saros.editor.RemoteWriteAccessManager.connectDocumentProvider(RemoteWriteAccessManager.java:138)
	at saros.editor.RemoteWriteAccessManager.updateConnectionState(RemoteWriteAccessManager.java:182)
	at saros.editor.RemoteWriteAccessManager.receive(RemoteWriteAccessManager.java:79)
	at saros.activities.EditorActivity.dispatch(EditorActivity.java:106)
	at saros.session.AbstractActivityConsumer.exec(AbstractActivityConsumer.java:81)
	at saros.editor.EditorManager$2.exec(EditorManager.java:179)
	at saros.session.internal.SarosSession$2.execute(SarosSession.java:193)
	at saros.session.internal.ActivityHandler$3.run(ActivityHandler.java:338)
	at saros.util.ThreadUtils$1.run(ThreadUtils.java:35)
	at org.eclipse.swt.widgets.RunnableLock.run(RunnableLock.java:40)
	at org.eclipse.swt.widgets.Synchronizer.runAsyncMessages(Synchronizer.java:185)
	at org.eclipse.swt.widgets.Display.runAsyncMessages(Display.java:3897)
	at org.eclipse.swt.widgets.Display.readAndDispatch(Display.java:3527)
	at org.eclipse.e4.ui.internal.workbench.swt.PartRenderingEngine$5.run(PartRenderingEngine.java:1160)
	at org.eclipse.core.databinding.observable.Realm.runWithDefault(Realm.java:338)
	at org.eclipse.e4.ui.internal.workbench.swt.PartRenderingEngine.run(PartRenderingEngine.java:1049)
	at org.eclipse.e4.ui.internal.workbench.E4Workbench.createAndRunUI(E4Workbench.java:155)
	at org.eclipse.ui.internal.Workbench.lambda$3(Workbench.java:658)
	at org.eclipse.core.databinding.observable.Realm.runWithDefault(Realm.java:338)
	at org.eclipse.ui.internal.Workbench.createAndRunWorkbench(Workbench.java:557)
	at org.eclipse.ui.PlatformUI.createAndRunWorkbench(PlatformUI.java:154)
	at org.eclipse.ui.internal.ide.application.IDEApplication.start(IDEApplication.java:150)
	at org.eclipse.equinox.internal.app.EclipseAppHandle.run(EclipseAppHandle.java:203)
	at org.eclipse.core.runtime.internal.adaptor.EclipseAppLauncher.runApplication(EclipseAppLauncher.java:137)
	at org.eclipse.core.runtime.internal.adaptor.EclipseAppLauncher.start(EclipseAppLauncher.java:107)
	at org.eclipse.core.runtime.adaptor.EclipseStarter.run(EclipseStarter.java:401)
	at org.eclipse.core.runtime.adaptor.EclipseStarter.run(EclipseStarter.java:255)
	at sun.reflect.NativeMethodAccessorImpl.invoke0(Native Method)
	at sun.reflect.NativeMethodAccessorImpl.invoke(NativeMethodAccessorImpl.java:62)
	at sun.reflect.DelegatingMethodAccessorImpl.invoke(DelegatingMethodAccessorImpl.java:43)
	at java.lang.reflect.Method.invoke(Method.java:498)
	at org.eclipse.equinox.launcher.Main.invokeFramework(Main.java:657)
	at org.eclipse.equinox.launcher.Main.basicRun(Main.java:594)
	at org.eclipse.equinox.launcher.Main.run(Main.java:1447)
WARN  18:41:42,002 [main] (SharedProjectFileDecorator.java:154) resource for editor SPath [project=P/GraphPack_2019_2020_V1_3 (EclipseProjectImpl), projectRelativePath=src/pt/iul/ista/poo/gui/ImageTile.java] does not exist locally
ERROR 18:41:42,037 [main] (RemoteWriteAccessManager.java:136) Attempting to connect to file which is not available locally: SPath [project=P/GraphPack_2019_2020_V1_3 (EclipseProjectImpl), projectRelativePath=src/pt/iul/ista/poo/gui/ImageTile.java]
StackTrace:
	at saros.editor.RemoteWriteAccessManager.connectDocumentProvider(RemoteWriteAccessManager.java:138)
	at saros.editor.RemoteWriteAccessManager.updateConnectionState(RemoteWriteAccessManager.java:182)
	at saros.editor.RemoteWriteAccessManager.receive(RemoteWriteAccessManager.java:79)
	at saros.activities.EditorActivity.dispatch(EditorActivity.java:106)
	at saros.session.AbstractActivityConsumer.exec(AbstractActivityConsumer.java:81)
	at saros.editor.EditorManager$2.exec(EditorManager.java:179)
	at saros.session.internal.SarosSession$2.execute(SarosSession.java:193)
	at saros.session.internal.ActivityHandler$3.run(ActivityHandler.java:338)
	at saros.util.ThreadUtils$1.run(ThreadUtils.java:35)
	at org.eclipse.swt.widgets.RunnableLock.run(RunnableLock.java:40)
	at org.eclipse.swt.widgets.Synchronizer.runAsyncMessages(Synchronizer.java:185)
	at org.eclipse.swt.widgets.Display.runAsyncMessages(Display.java:3897)
	at org.eclipse.swt.widgets.Display.readAndDispatch(Display.java:3527)
	at org.eclipse.e4.ui.internal.workbench.swt.PartRenderingEngine$5.run(PartRenderingEngine.java:1160)
	at org.eclipse.core.databinding.observable.Realm.runWithDefault(Realm.java:338)
	at org.eclipse.e4.ui.internal.workbench.swt.PartRenderingEngine.run(PartRenderingEngine.java:1049)
	at org.eclipse.e4.ui.internal.workbench.E4Workbench.createAndRunUI(E4Workbench.java:155)
	at org.eclipse.ui.internal.Workbench.lambda$3(Workbench.java:658)
	at org.eclipse.core.databinding.observable.Realm.runWithDefault(Realm.java:338)
	at org.eclipse.ui.internal.Workbench.createAndRunWorkbench(Workbench.java:557)
	at org.eclipse.ui.PlatformUI.createAndRunWorkbench(PlatformUI.java:154)
	at org.eclipse.ui.internal.ide.application.IDEApplication.start(IDEApplication.java:150)
	at org.eclipse.equinox.internal.app.EclipseAppHandle.run(EclipseAppHandle.java:203)
	at org.eclipse.core.runtime.internal.adaptor.EclipseAppLauncher.runApplication(EclipseAppLauncher.java:137)
	at org.eclipse.core.runtime.internal.adaptor.EclipseAppLauncher.start(EclipseAppLauncher.java:107)
	at org.eclipse.core.runtime.adaptor.EclipseStarter.run(EclipseStarter.java:401)
	at org.eclipse.core.runtime.adaptor.EclipseStarter.run(EclipseStarter.java:255)
	at sun.reflect.NativeMethodAccessorImpl.invoke0(Native Method)
	at sun.reflect.NativeMethodAccessorImpl.invoke(NativeMethodAccessorImpl.java:62)
	at sun.reflect.DelegatingMethodAccessorImpl.invoke(DelegatingMethodAccessorImpl.java:43)
	at java.lang.reflect.Method.invoke(Method.java:498)
	at org.eclipse.equinox.launcher.Main.invokeFramework(Main.java:657)
	at org.eclipse.equinox.launcher.Main.basicRun(Main.java:594)
	at org.eclipse.equinox.launcher.Main.run(Main.java:1447)
WARN  18:41:42,038 [main] (SharedProjectFileDecorator.java:154) resource for editor SPath [project=P/GraphPack_2019_2020_V1_3 (EclipseProjectImpl), projectRelativePath=src/pt/iul/ista/poo/gui/ImageTile.java] does not exist locally
ERROR 18:42:29,140 [main] (RemoteWriteAccessManager.java:136) Attempting to connect to file which is not available locally: SPath [project=P/GraphPack_2019_2020_V1_3 (EclipseProjectImpl), projectRelativePath=src/pt/iul/ista/poo/gui/ImageMatrixGUI.java]
StackTrace:
	at saros.editor.RemoteWriteAccessManager.connectDocumentProvider(RemoteWriteAccessManager.java:138)
	at saros.editor.RemoteWriteAccessManager.updateConnectionState(RemoteWriteAccessManager.java:182)
	at saros.editor.RemoteWriteAccessManager.receive(RemoteWriteAccessManager.java:79)
	at saros.activities.EditorActivity.dispatch(EditorActivity.java:106)
	at saros.session.AbstractActivityConsumer.exec(AbstractActivityConsumer.java:81)
	at saros.editor.EditorManager$2.exec(EditorManager.java:179)
	at saros.session.internal.SarosSession$2.execute(SarosSession.java:193)
	at saros.session.internal.ActivityHandler$3.run(ActivityHandler.java:338)
	at saros.util.ThreadUtils$1.run(ThreadUtils.java:35)
	at org.eclipse.swt.widgets.RunnableLock.run(RunnableLock.java:40)
	at org.eclipse.swt.widgets.Synchronizer.runAsyncMessages(Synchronizer.java:185)
	at org.eclipse.swt.widgets.Display.runAsyncMessages(Display.java:3897)
	at org.eclipse.swt.widgets.Display.readAndDispatch(Display.java:3527)
	at org.eclipse.e4.ui.internal.workbench.swt.PartRenderingEngine$5.run(PartRenderingEngine.java:1160)
	at org.eclipse.core.databinding.observable.Realm.runWithDefault(Realm.java:338)
	at org.eclipse.e4.ui.internal.workbench.swt.PartRenderingEngine.run(PartRenderingEngine.java:1049)
	at org.eclipse.e4.ui.internal.workbench.E4Workbench.createAndRunUI(E4Workbench.java:155)
	at org.eclipse.ui.internal.Workbench.lambda$3(Workbench.java:658)
	at org.eclipse.core.databinding.observable.Realm.runWithDefault(Realm.java:338)
	at org.eclipse.ui.internal.Workbench.createAndRunWorkbench(Workbench.java:557)
	at org.eclipse.ui.PlatformUI.createAndRunWorkbench(PlatformUI.java:154)
	at org.eclipse.ui.internal.ide.application.IDEApplication.start(IDEApplication.java:150)
	at org.eclipse.equinox.internal.app.EclipseAppHandle.run(EclipseAppHandle.java:203)
	at org.eclipse.core.runtime.internal.adaptor.EclipseAppLauncher.runApplication(EclipseAppLauncher.java:137)
	at org.eclipse.core.runtime.internal.adaptor.EclipseAppLauncher.start(EclipseAppLauncher.java:107)
	at org.eclipse.core.runtime.adaptor.EclipseStarter.run(EclipseStarter.java:401)
	at org.eclipse.core.runtime.adaptor.EclipseStarter.run(EclipseStarter.java:255)
	at sun.reflect.NativeMethodAccessorImpl.invoke0(Native Method)
	at sun.reflect.NativeMethodAccessorImpl.invoke(NativeMethodAccessorImpl.java:62)
	at sun.reflect.DelegatingMethodAccessorImpl.invoke(DelegatingMethodAccessorImpl.java:43)
	at java.lang.reflect.Method.invoke(Method.java:498)
	at org.eclipse.equinox.launcher.Main.invokeFramework(Main.java:657)
	at org.eclipse.equinox.launcher.Main.basicRun(Main.java:594)
	at org.eclipse.equinox.launcher.Main.run(Main.java:1447)
WARN  18:42:29,141 [main] (SharedProjectFileDecorator.java:154) resource for editor SPath [project=P/GraphPack_2019_2020_V1_3 (EclipseProjectImpl), projectRelativePath=src/pt/iul/ista/poo/gui/ImageMatrixGUI.java] does not exist locally
ERROR 18:42:29,159 [main] (RemoteWriteAccessManager.java:136) Attempting to connect to file which is not available locally: SPath [project=P/GraphPack_2019_2020_V1_3 (EclipseProjectImpl), projectRelativePath=src/pt/iul/ista/poo/gui/ImageMatrixGUI.java]
StackTrace:
	at saros.editor.RemoteWriteAccessManager.connectDocumentProvider(RemoteWriteAccessManager.java:138)
	at saros.editor.RemoteWriteAccessManager.updateConnectionState(RemoteWriteAccessManager.java:182)
	at saros.editor.RemoteWriteAccessManager.receive(RemoteWriteAccessManager.java:79)
	at saros.activities.EditorActivity.dispatch(EditorActivity.java:106)
	at saros.session.AbstractActivityConsumer.exec(AbstractActivityConsumer.java:81)
	at saros.editor.EditorManager$2.exec(EditorManager.java:179)
	at saros.session.internal.SarosSession$2.execute(SarosSession.java:193)
	at saros.session.internal.ActivityHandler$3.run(ActivityHandler.java:338)
	at saros.util.ThreadUtils$1.run(ThreadUtils.java:35)
	at org.eclipse.swt.widgets.RunnableLock.run(RunnableLock.java:40)
	at org.eclipse.swt.widgets.Synchronizer.runAsyncMessages(Synchronizer.java:185)
	at org.eclipse.swt.widgets.Display.runAsyncMessages(Display.java:3897)
	at org.eclipse.swt.widgets.Display.readAndDispatch(Display.java:3527)
	at org.eclipse.e4.ui.internal.workbench.swt.PartRenderingEngine$5.run(PartRenderingEngine.java:1160)
	at org.eclipse.core.databinding.observable.Realm.runWithDefault(Realm.java:338)
	at org.eclipse.e4.ui.internal.workbench.swt.PartRenderingEngine.run(PartRenderingEngine.java:1049)
	at org.eclipse.e4.ui.internal.workbench.E4Workbench.createAndRunUI(E4Workbench.java:155)
	at org.eclipse.ui.internal.Workbench.lambda$3(Workbench.java:658)
	at org.eclipse.core.databinding.observable.Realm.runWithDefault(Realm.java:338)
	at org.eclipse.ui.internal.Workbench.createAndRunWorkbench(Workbench.java:557)
	at org.eclipse.ui.PlatformUI.createAndRunWorkbench(PlatformUI.java:154)
	at org.eclipse.ui.internal.ide.application.IDEApplication.start(IDEApplication.java:150)
	at org.eclipse.equinox.internal.app.EclipseAppHandle.run(EclipseAppHandle.java:203)
	at org.eclipse.core.runtime.internal.adaptor.EclipseAppLauncher.runApplication(EclipseAppLauncher.java:137)
	at org.eclipse.core.runtime.internal.adaptor.EclipseAppLauncher.start(EclipseAppLauncher.java:107)
	at org.eclipse.core.runtime.adaptor.EclipseStarter.run(EclipseStarter.java:401)
	at org.eclipse.core.runtime.adaptor.EclipseStarter.run(EclipseStarter.java:255)
	at sun.reflect.NativeMethodAccessorImpl.invoke0(Native Method)
	at sun.reflect.NativeMethodAccessorImpl.invoke(NativeMethodAccessorImpl.java:62)
	at sun.reflect.DelegatingMethodAccessorImpl.invoke(DelegatingMethodAccessorImpl.java:43)
	at java.lang.reflect.Method.invoke(Method.java:498)
	at org.eclipse.equinox.launcher.Main.invokeFramework(Main.java:657)
	at org.eclipse.equinox.launcher.Main.basicRun(Main.java:594)
	at org.eclipse.equinox.launcher.Main.run(Main.java:1447)
WARN  18:42:29,159 [main] (SharedProjectFileDecorator.java:154) resource for editor SPath [project=P/GraphPack_2019_2020_V1_3 (EclipseProjectImpl), projectRelativePath=src/pt/iul/ista/poo/gui/ImageMatrixGUI.java] does not exist locally
ERROR 18:42:31,558 [main] (RemoteWriteAccessManager.java:136) Attempting to connect to file which is not available locally: SPath [project=P/GraphPack_2019_2020_V1_3 (EclipseProjectImpl), projectRelativePath=src/pt/iul/ista/poo/gui/ImageTile.java]
StackTrace:
	at saros.editor.RemoteWriteAccessManager.connectDocumentProvider(RemoteWriteAccessManager.java:138)
	at saros.editor.RemoteWriteAccessManager.updateConnectionState(RemoteWriteAccessManager.java:182)
	at saros.editor.RemoteWriteAccessManager.receive(RemoteWriteAccessManager.java:79)
	at saros.activities.EditorActivity.dispatch(EditorActivity.java:106)
	at saros.session.AbstractActivityConsumer.exec(AbstractActivityConsumer.java:81)
	at saros.editor.EditorManager$2.exec(EditorManager.java:179)
	at saros.session.internal.SarosSession$2.execute(SarosSession.java:193)
	at saros.session.internal.ActivityHandler$3.run(ActivityHandler.java:338)
	at saros.util.ThreadUtils$1.run(ThreadUtils.java:35)
	at org.eclipse.swt.widgets.RunnableLock.run(RunnableLock.java:40)
	at org.eclipse.swt.widgets.Synchronizer.runAsyncMessages(Synchronizer.java:185)
	at org.eclipse.swt.widgets.Display.runAsyncMessages(Display.java:3897)
	at org.eclipse.swt.widgets.Display.readAndDispatch(Display.java:3527)
	at org.eclipse.e4.ui.internal.workbench.swt.PartRenderingEngine$5.run(PartRenderingEngine.java:1160)
	at org.eclipse.core.databinding.observable.Realm.runWithDefault(Realm.java:338)
	at org.eclipse.e4.ui.internal.workbench.swt.PartRenderingEngine.run(PartRenderingEngine.java:1049)
	at org.eclipse.e4.ui.internal.workbench.E4Workbench.createAndRunUI(E4Workbench.java:155)
	at org.eclipse.ui.internal.Workbench.lambda$3(Workbench.java:658)
	at org.eclipse.core.databinding.observable.Realm.runWithDefault(Realm.java:338)
	at org.eclipse.ui.internal.Workbench.createAndRunWorkbench(Workbench.java:557)
	at org.eclipse.ui.PlatformUI.createAndRunWorkbench(PlatformUI.java:154)
	at org.eclipse.ui.internal.ide.application.IDEApplication.start(IDEApplication.java:150)
	at org.eclipse.equinox.internal.app.EclipseAppHandle.run(EclipseAppHandle.java:203)
	at org.eclipse.core.runtime.internal.adaptor.EclipseAppLauncher.runApplication(EclipseAppLauncher.java:137)
	at org.eclipse.core.runtime.internal.adaptor.EclipseAppLauncher.start(EclipseAppLauncher.java:107)
	at org.eclipse.core.runtime.adaptor.EclipseStarter.run(EclipseStarter.java:401)
	at org.eclipse.core.runtime.adaptor.EclipseStarter.run(EclipseStarter.java:255)
	at sun.reflect.NativeMethodAccessorImpl.invoke0(Native Method)
	at sun.reflect.NativeMethodAccessorImpl.invoke(NativeMethodAccessorImpl.java:62)
	at sun.reflect.DelegatingMethodAccessorImpl.invoke(DelegatingMethodAccessorImpl.java:43)
	at java.lang.reflect.Method.invoke(Method.java:498)
	at org.eclipse.equinox.launcher.Main.invokeFramework(Main.java:657)
	at org.eclipse.equinox.launcher.Main.basicRun(Main.java:594)
	at org.eclipse.equinox.launcher.Main.run(Main.java:1447)
WARN  18:42:31,559 [main] (SharedProjectFileDecorator.java:154) resource for editor SPath [project=P/GraphPack_2019_2020_V1_3 (EclipseProjectImpl), projectRelativePath=src/pt/iul/ista/poo/gui/ImageTile.java] does not exist locally
ERROR 18:42:31,574 [main] (RemoteWriteAccessManager.java:136) Attempting to connect to file which is not available locally: SPath [project=P/GraphPack_2019_2020_V1_3 (EclipseProjectImpl), projectRelativePath=src/pt/iul/ista/poo/gui/ImageTile.java]
StackTrace:
	at saros.editor.RemoteWriteAccessManager.connectDocumentProvider(RemoteWriteAccessManager.java:138)
	at saros.editor.RemoteWriteAccessManager.updateConnectionState(RemoteWriteAccessManager.java:182)
	at saros.editor.RemoteWriteAccessManager.receive(RemoteWriteAccessManager.java:79)
	at saros.activities.EditorActivity.dispatch(EditorActivity.java:106)
	at saros.session.AbstractActivityConsumer.exec(AbstractActivityConsumer.java:81)
	at saros.editor.EditorManager$2.exec(EditorManager.java:179)
	at saros.session.internal.SarosSession$2.execute(SarosSession.java:193)
	at saros.session.internal.ActivityHandler$3.run(ActivityHandler.java:338)
	at saros.util.ThreadUtils$1.run(ThreadUtils.java:35)
	at org.eclipse.swt.widgets.RunnableLock.run(RunnableLock.java:40)
	at org.eclipse.swt.widgets.Synchronizer.runAsyncMessages(Synchronizer.java:185)
	at org.eclipse.swt.widgets.Display.runAsyncMessages(Display.java:3897)
	at org.eclipse.swt.widgets.Display.readAndDispatch(Display.java:3527)
	at org.eclipse.e4.ui.internal.workbench.swt.PartRenderingEngine$5.run(PartRenderingEngine.java:1160)
	at org.eclipse.core.databinding.observable.Realm.runWithDefault(Realm.java:338)
	at org.eclipse.e4.ui.internal.workbench.swt.PartRenderingEngine.run(PartRenderingEngine.java:1049)
	at org.eclipse.e4.ui.internal.workbench.E4Workbench.createAndRunUI(E4Workbench.java:155)
	at org.eclipse.ui.internal.Workbench.lambda$3(Workbench.java:658)
	at org.eclipse.core.databinding.observable.Realm.runWithDefault(Realm.java:338)
	at org.eclipse.ui.internal.Workbench.createAndRunWorkbench(Workbench.java:557)
	at org.eclipse.ui.PlatformUI.createAndRunWorkbench(PlatformUI.java:154)
	at org.eclipse.ui.internal.ide.application.IDEApplication.start(IDEApplication.java:150)
	at org.eclipse.equinox.internal.app.EclipseAppHandle.run(EclipseAppHandle.java:203)
	at org.eclipse.core.runtime.internal.adaptor.EclipseAppLauncher.runApplication(EclipseAppLauncher.java:137)
	at org.eclipse.core.runtime.internal.adaptor.EclipseAppLauncher.start(EclipseAppLauncher.java:107)
	at org.eclipse.core.runtime.adaptor.EclipseStarter.run(EclipseStarter.java:401)
	at org.eclipse.core.runtime.adaptor.EclipseStarter.run(EclipseStarter.java:255)
	at sun.reflect.NativeMethodAccessorImpl.invoke0(Native Method)
	at sun.reflect.NativeMethodAccessorImpl.invoke(NativeMethodAccessorImpl.java:62)
	at sun.reflect.DelegatingMethodAccessorImpl.invoke(DelegatingMethodAccessorImpl.java:43)
	at java.lang.reflect.Method.invoke(Method.java:498)
	at org.eclipse.equinox.launcher.Main.invokeFramework(Main.java:657)
	at org.eclipse.equinox.launcher.Main.basicRun(Main.java:594)
	at org.eclipse.equinox.launcher.Main.run(Main.java:1447)
WARN  18:42:31,574 [main] (SharedProjectFileDecorator.java:154) resource for editor SPath [project=P/GraphPack_2019_2020_V1_3 (EclipseProjectImpl), projectRelativePath=src/pt/iul/ista/poo/gui/ImageTile.java] does not exist locally
ERROR 18:42:39,847 [main] (RemoteWriteAccessManager.java:136) Attempting to connect to file which is not available locally: SPath [project=P/GraphPack_2019_2020_V1_3 (EclipseProjectImpl), projectRelativePath=src/pt/iul/ista/poo/gui/ImageMatrixGUI.java]
StackTrace:
	at saros.editor.RemoteWriteAccessManager.connectDocumentProvider(RemoteWriteAccessManager.java:138)
	at saros.editor.RemoteWriteAccessManager.updateConnectionState(RemoteWriteAccessManager.java:182)
	at saros.editor.RemoteWriteAccessManager.receive(RemoteWriteAccessManager.java:79)
	at saros.activities.EditorActivity.dispatch(EditorActivity.java:106)
	at saros.session.AbstractActivityConsumer.exec(AbstractActivityConsumer.java:81)
	at saros.editor.EditorManager$2.exec(EditorManager.java:179)
	at saros.session.internal.SarosSession$2.execute(SarosSession.java:193)
	at saros.session.internal.ActivityHandler$3.run(ActivityHandler.java:338)
	at saros.util.ThreadUtils$1.run(ThreadUtils.java:35)
	at org.eclipse.swt.widgets.RunnableLock.run(RunnableLock.java:40)
	at org.eclipse.swt.widgets.Synchronizer.runAsyncMessages(Synchronizer.java:185)
	at org.eclipse.swt.widgets.Display.runAsyncMessages(Display.java:3897)
	at org.eclipse.swt.widgets.Display.readAndDispatch(Display.java:3527)
	at org.eclipse.e4.ui.internal.workbench.swt.PartRenderingEngine$5.run(PartRenderingEngine.java:1160)
	at org.eclipse.core.databinding.observable.Realm.runWithDefault(Realm.java:338)
	at org.eclipse.e4.ui.internal.workbench.swt.PartRenderingEngine.run(PartRenderingEngine.java:1049)
	at org.eclipse.e4.ui.internal.workbench.E4Workbench.createAndRunUI(E4Workbench.java:155)
	at org.eclipse.ui.internal.Workbench.lambda$3(Workbench.java:658)
	at org.eclipse.core.databinding.observable.Realm.runWithDefault(Realm.java:338)
	at org.eclipse.ui.internal.Workbench.createAndRunWorkbench(Workbench.java:557)
	at org.eclipse.ui.PlatformUI.createAndRunWorkbench(PlatformUI.java:154)
	at org.eclipse.ui.internal.ide.application.IDEApplication.start(IDEApplication.java:150)
	at org.eclipse.equinox.internal.app.EclipseAppHandle.run(EclipseAppHandle.java:203)
	at org.eclipse.core.runtime.internal.adaptor.EclipseAppLauncher.runApplication(EclipseAppLauncher.java:137)
	at org.eclipse.core.runtime.internal.adaptor.EclipseAppLauncher.start(EclipseAppLauncher.java:107)
	at org.eclipse.core.runtime.adaptor.EclipseStarter.run(EclipseStarter.java:401)
	at org.eclipse.core.runtime.adaptor.EclipseStarter.run(EclipseStarter.java:255)
	at sun.reflect.NativeMethodAccessorImpl.invoke0(Native Method)
	at sun.reflect.NativeMethodAccessorImpl.invoke(NativeMethodAccessorImpl.java:62)
	at sun.reflect.DelegatingMethodAccessorImpl.invoke(DelegatingMethodAccessorImpl.java:43)
	at java.lang.reflect.Method.invoke(Method.java:498)
	at org.eclipse.equinox.launcher.Main.invokeFramework(Main.java:657)
	at org.eclipse.equinox.launcher.Main.basicRun(Main.java:594)
	at org.eclipse.equinox.launcher.Main.run(Main.java:1447)
WARN  18:42:39,847 [main] (SharedProjectFileDecorator.java:154) resource for editor SPath [project=P/GraphPack_2019_2020_V1_3 (EclipseProjectImpl), projectRelativePath=src/pt/iul/ista/poo/gui/ImageMatrixGUI.java] does not exist locally
ERROR 18:42:39,873 [main] (RemoteWriteAccessManager.java:136) Attempting to connect to file which is not available locally: SPath [project=P/GraphPack_2019_2020_V1_3 (EclipseProjectImpl), projectRelativePath=src/pt/iul/ista/poo/gui/ImageMatrixGUI.java]
StackTrace:
	at saros.editor.RemoteWriteAccessManager.connectDocumentProvider(RemoteWriteAccessManager.java:138)
	at saros.editor.RemoteWriteAccessManager.updateConnectionState(RemoteWriteAccessManager.java:182)
	at saros.editor.RemoteWriteAccessManager.receive(RemoteWriteAccessManager.java:79)
	at saros.activities.EditorActivity.dispatch(EditorActivity.java:106)
	at saros.session.AbstractActivityConsumer.exec(AbstractActivityConsumer.java:81)
	at saros.editor.EditorManager$2.exec(EditorManager.java:179)
	at saros.session.internal.SarosSession$2.execute(SarosSession.java:193)
	at saros.session.internal.ActivityHandler$3.run(ActivityHandler.java:338)
	at saros.util.ThreadUtils$1.run(ThreadUtils.java:35)
	at org.eclipse.swt.widgets.RunnableLock.run(RunnableLock.java:40)
	at org.eclipse.swt.widgets.Synchronizer.runAsyncMessages(Synchronizer.java:185)
	at org.eclipse.swt.widgets.Display.runAsyncMessages(Display.java:3897)
	at org.eclipse.swt.widgets.Display.readAndDispatch(Display.java:3527)
	at org.eclipse.e4.ui.internal.workbench.swt.PartRenderingEngine$5.run(PartRenderingEngine.java:1160)
	at org.eclipse.core.databinding.observable.Realm.runWithDefault(Realm.java:338)
	at org.eclipse.e4.ui.internal.workbench.swt.PartRenderingEngine.run(PartRenderingEngine.java:1049)
	at org.eclipse.e4.ui.internal.workbench.E4Workbench.createAndRunUI(E4Workbench.java:155)
	at org.eclipse.ui.internal.Workbench.lambda$3(Workbench.java:658)
	at org.eclipse.core.databinding.observable.Realm.runWithDefault(Realm.java:338)
	at org.eclipse.ui.internal.Workbench.createAndRunWorkbench(Workbench.java:557)
	at org.eclipse.ui.PlatformUI.createAndRunWorkbench(PlatformUI.java:154)
	at org.eclipse.ui.internal.ide.application.IDEApplication.start(IDEApplication.java:150)
	at org.eclipse.equinox.internal.app.EclipseAppHandle.run(EclipseAppHandle.java:203)
	at org.eclipse.core.runtime.internal.adaptor.EclipseAppLauncher.runApplication(EclipseAppLauncher.java:137)
	at org.eclipse.core.runtime.internal.adaptor.EclipseAppLauncher.start(EclipseAppLauncher.java:107)
	at org.eclipse.core.runtime.adaptor.EclipseStarter.run(EclipseStarter.java:401)
	at org.eclipse.core.runtime.adaptor.EclipseStarter.run(EclipseStarter.java:255)
	at sun.reflect.NativeMethodAccessorImpl.invoke0(Native Method)
	at sun.reflect.NativeMethodAccessorImpl.invoke(NativeMethodAccessorImpl.java:62)
	at sun.reflect.DelegatingMethodAccessorImpl.invoke(DelegatingMethodAccessorImpl.java:43)
	at java.lang.reflect.Method.invoke(Method.java:498)
	at org.eclipse.equinox.launcher.Main.invokeFramework(Main.java:657)
	at org.eclipse.equinox.launcher.Main.basicRun(Main.java:594)
	at org.eclipse.equinox.launcher.Main.run(Main.java:1447)
WARN  18:42:39,873 [main] (SharedProjectFileDecorator.java:154) resource for editor SPath [project=P/GraphPack_2019_2020_V1_3 (EclipseProjectImpl), projectRelativePath=src/pt/iul/ista/poo/gui/ImageMatrixGUI.java] does not exist locally
ERROR 18:48:22,916 [main] (RemoteWriteAccessManager.java:136) Attempting to connect to file which is not available locally: SPath [project=P/GraphPack_2019_2020_V1_3 (EclipseProjectImpl), projectRelativePath=src/pt/iul/ista/poo/gui/ImageTile.java]
StackTrace:
	at saros.editor.RemoteWriteAccessManager.connectDocumentProvider(RemoteWriteAccessManager.java:138)
	at saros.editor.RemoteWriteAccessManager.updateConnectionState(RemoteWriteAccessManager.java:182)
	at saros.editor.RemoteWriteAccessManager.receive(RemoteWriteAccessManager.java:79)
	at saros.activities.EditorActivity.dispatch(EditorActivity.java:106)
	at saros.session.AbstractActivityConsumer.exec(AbstractActivityConsumer.java:81)
	at saros.editor.EditorManager$2.exec(EditorManager.java:179)
	at saros.session.internal.SarosSession$2.execute(SarosSession.java:193)
	at saros.session.internal.ActivityHandler$3.run(ActivityHandler.java:338)
	at saros.util.ThreadUtils$1.run(ThreadUtils.java:35)
	at org.eclipse.swt.widgets.RunnableLock.run(RunnableLock.java:40)
	at org.eclipse.swt.widgets.Synchronizer.runAsyncMessages(Synchronizer.java:185)
	at org.eclipse.swt.widgets.Display.runAsyncMessages(Display.java:3897)
	at org.eclipse.swt.widgets.Display.readAndDispatch(Display.java:3527)
	at org.eclipse.e4.ui.internal.workbench.swt.PartRenderingEngine$5.run(PartRenderingEngine.java:1160)
	at org.eclipse.core.databinding.observable.Realm.runWithDefault(Realm.java:338)
	at org.eclipse.e4.ui.internal.workbench.swt.PartRenderingEngine.run(PartRenderingEngine.java:1049)
	at org.eclipse.e4.ui.internal.workbench.E4Workbench.createAndRunUI(E4Workbench.java:155)
	at org.eclipse.ui.internal.Workbench.lambda$3(Workbench.java:658)
	at org.eclipse.core.databinding.observable.Realm.runWithDefault(Realm.java:338)
	at org.eclipse.ui.internal.Workbench.createAndRunWorkbench(Workbench.java:557)
	at org.eclipse.ui.PlatformUI.createAndRunWorkbench(PlatformUI.java:154)
	at org.eclipse.ui.internal.ide.application.IDEApplication.start(IDEApplication.java:150)
	at org.eclipse.equinox.internal.app.EclipseAppHandle.run(EclipseAppHandle.java:203)
	at org.eclipse.core.runtime.internal.adaptor.EclipseAppLauncher.runApplication(EclipseAppLauncher.java:137)
	at org.eclipse.core.runtime.internal.adaptor.EclipseAppLauncher.start(EclipseAppLauncher.java:107)
	at org.eclipse.core.runtime.adaptor.EclipseStarter.run(EclipseStarter.java:401)
	at org.eclipse.core.runtime.adaptor.EclipseStarter.run(EclipseStarter.java:255)
	at sun.reflect.NativeMethodAccessorImpl.invoke0(Native Method)
	at sun.reflect.NativeMethodAccessorImpl.invoke(NativeMethodAccessorImpl.java:62)
	at sun.reflect.DelegatingMethodAccessorImpl.invoke(DelegatingMethodAccessorImpl.java:43)
	at java.lang.reflect.Method.invoke(Method.java:498)
	at org.eclipse.equinox.launcher.Main.invokeFramework(Main.java:657)
	at org.eclipse.equinox.launcher.Main.basicRun(Main.java:594)
	at org.eclipse.equinox.launcher.Main.run(Main.java:1447)
WARN  18:48:22,917 [main] (SharedProjectFileDecorator.java:154) resource for editor SPath [project=P/GraphPack_2019_2020_V1_3 (EclipseProjectImpl), projectRelativePath=src/pt/iul/ista/poo/gui/ImageTile.java] does not exist locally
ERROR 18:48:22,934 [main] (RemoteWriteAccessManager.java:136) Attempting to connect to file which is not available locally: SPath [project=P/GraphPack_2019_2020_V1_3 (EclipseProjectImpl), projectRelativePath=src/pt/iul/ista/poo/gui/ImageTile.java]
StackTrace:
	at saros.editor.RemoteWriteAccessManager.connectDocumentProvider(RemoteWriteAccessManager.java:138)
	at saros.editor.RemoteWriteAccessManager.updateConnectionState(RemoteWriteAccessManager.java:182)
	at saros.editor.RemoteWriteAccessManager.receive(RemoteWriteAccessManager.java:79)
	at saros.activities.EditorActivity.dispatch(EditorActivity.java:106)
	at saros.session.AbstractActivityConsumer.exec(AbstractActivityConsumer.java:81)
	at saros.editor.EditorManager$2.exec(EditorManager.java:179)
	at saros.session.internal.SarosSession$2.execute(SarosSession.java:193)
	at saros.session.internal.ActivityHandler$3.run(ActivityHandler.java:338)
	at saros.util.ThreadUtils$1.run(ThreadUtils.java:35)
	at org.eclipse.swt.widgets.RunnableLock.run(RunnableLock.java:40)
	at org.eclipse.swt.widgets.Synchronizer.runAsyncMessages(Synchronizer.java:185)
	at org.eclipse.swt.widgets.Display.runAsyncMessages(Display.java:3897)
	at org.eclipse.swt.widgets.Display.readAndDispatch(Display.java:3527)
	at org.eclipse.e4.ui.internal.workbench.swt.PartRenderingEngine$5.run(PartRenderingEngine.java:1160)
	at org.eclipse.core.databinding.observable.Realm.runWithDefault(Realm.java:338)
	at org.eclipse.e4.ui.internal.workbench.swt.PartRenderingEngine.run(PartRenderingEngine.java:1049)
	at org.eclipse.e4.ui.internal.workbench.E4Workbench.createAndRunUI(E4Workbench.java:155)
	at org.eclipse.ui.internal.Workbench.lambda$3(Workbench.java:658)
	at org.eclipse.core.databinding.observable.Realm.runWithDefault(Realm.java:338)
	at org.eclipse.ui.internal.Workbench.createAndRunWorkbench(Workbench.java:557)
	at org.eclipse.ui.PlatformUI.createAndRunWorkbench(PlatformUI.java:154)
	at org.eclipse.ui.internal.ide.application.IDEApplication.start(IDEApplication.java:150)
	at org.eclipse.equinox.internal.app.EclipseAppHandle.run(EclipseAppHandle.java:203)
	at org.eclipse.core.runtime.internal.adaptor.EclipseAppLauncher.runApplication(EclipseAppLauncher.java:137)
	at org.eclipse.core.runtime.internal.adaptor.EclipseAppLauncher.start(EclipseAppLauncher.java:107)
	at org.eclipse.core.runtime.adaptor.EclipseStarter.run(EclipseStarter.java:401)
	at org.eclipse.core.runtime.adaptor.EclipseStarter.run(EclipseStarter.java:255)
	at sun.reflect.NativeMethodAccessorImpl.invoke0(Native Method)
	at sun.reflect.NativeMethodAccessorImpl.invoke(NativeMethodAccessorImpl.java:62)
	at sun.reflect.DelegatingMethodAccessorImpl.invoke(DelegatingMethodAccessorImpl.java:43)
	at java.lang.reflect.Method.invoke(Method.java:498)
	at org.eclipse.equinox.launcher.Main.invokeFramework(Main.java:657)
	at org.eclipse.equinox.launcher.Main.basicRun(Main.java:594)
	at org.eclipse.equinox.launcher.Main.run(Main.java:1447)
WARN  18:48:22,935 [main] (SharedProjectFileDecorator.java:154) resource for editor SPath [project=P/GraphPack_2019_2020_V1_3 (EclipseProjectImpl), projectRelativePath=src/pt/iul/ista/poo/gui/ImageTile.java] does not exist locally
ERROR 19:28:14,190 [main] (RemoteWriteAccessManager.java:136) Attempting to connect to file which is not available locally: SPath [project=P/GraphPack_2019_2020_V1_3 (EclipseProjectImpl), projectRelativePath=src/pt/iul/ista/poo/gui/ImageMatrixGUI.java]
StackTrace:
	at saros.editor.RemoteWriteAccessManager.connectDocumentProvider(RemoteWriteAccessManager.java:138)
	at saros.editor.RemoteWriteAccessManager.updateConnectionState(RemoteWriteAccessManager.java:182)
	at saros.editor.RemoteWriteAccessManager.receive(RemoteWriteAccessManager.java:79)
	at saros.activities.EditorActivity.dispatch(EditorActivity.java:106)
	at saros.session.AbstractActivityConsumer.exec(AbstractActivityConsumer.java:81)
	at saros.editor.EditorManager$2.exec(EditorManager.java:179)
	at saros.session.internal.SarosSession$2.execute(SarosSession.java:193)
	at saros.session.internal.ActivityHandler$3.run(ActivityHandler.java:338)
	at saros.util.ThreadUtils$1.run(ThreadUtils.java:35)
	at org.eclipse.swt.widgets.RunnableLock.run(RunnableLock.java:40)
	at org.eclipse.swt.widgets.Synchronizer.runAsyncMessages(Synchronizer.java:185)
	at org.eclipse.swt.widgets.Display.runAsyncMessages(Display.java:3897)
	at org.eclipse.swt.widgets.Display.readAndDispatch(Display.java:3527)
	at org.eclipse.e4.ui.internal.workbench.swt.PartRenderingEngine$5.run(PartRenderingEngine.java:1160)
	at org.eclipse.core.databinding.observable.Realm.runWithDefault(Realm.java:338)
	at org.eclipse.e4.ui.internal.workbench.swt.PartRenderingEngine.run(PartRenderingEngine.java:1049)
	at org.eclipse.e4.ui.internal.workbench.E4Workbench.createAndRunUI(E4Workbench.java:155)
	at org.eclipse.ui.internal.Workbench.lambda$3(Workbench.java:658)
	at org.eclipse.core.databinding.observable.Realm.runWithDefault(Realm.java:338)
	at org.eclipse.ui.internal.Workbench.createAndRunWorkbench(Workbench.java:557)
	at org.eclipse.ui.PlatformUI.createAndRunWorkbench(PlatformUI.java:154)
	at org.eclipse.ui.internal.ide.application.IDEApplication.start(IDEApplication.java:150)
	at org.eclipse.equinox.internal.app.EclipseAppHandle.run(EclipseAppHandle.java:203)
	at org.eclipse.core.runtime.internal.adaptor.EclipseAppLauncher.runApplication(EclipseAppLauncher.java:137)
	at org.eclipse.core.runtime.internal.adaptor.EclipseAppLauncher.start(EclipseAppLauncher.java:107)
	at org.eclipse.core.runtime.adaptor.EclipseStarter.run(EclipseStarter.java:401)
	at org.eclipse.core.runtime.adaptor.EclipseStarter.run(EclipseStarter.java:255)
	at sun.reflect.NativeMethodAccessorImpl.invoke0(Native Method)
	at sun.reflect.NativeMethodAccessorImpl.invoke(NativeMethodAccessorImpl.java:62)
	at sun.reflect.DelegatingMethodAccessorImpl.invoke(DelegatingMethodAccessorImpl.java:43)
	at java.lang.reflect.Method.invoke(Method.java:498)
	at org.eclipse.equinox.launcher.Main.invokeFramework(Main.java:657)
	at org.eclipse.equinox.launcher.Main.basicRun(Main.java:594)
	at org.eclipse.equinox.launcher.Main.run(Main.java:1447)
WARN  19:28:14,191 [main] (SharedProjectFileDecorator.java:154) resource for editor SPath [project=P/GraphPack_2019_2020_V1_3 (EclipseProjectImpl), projectRelativePath=src/pt/iul/ista/poo/gui/ImageMatrixGUI.java] does not exist locally
ERROR 19:28:14,209 [main] (RemoteWriteAccessManager.java:136) Attempting to connect to file which is not available locally: SPath [project=P/GraphPack_2019_2020_V1_3 (EclipseProjectImpl), projectRelativePath=src/pt/iul/ista/poo/gui/ImageMatrixGUI.java]
StackTrace:
	at saros.editor.RemoteWriteAccessManager.connectDocumentProvider(RemoteWriteAccessManager.java:138)
	at saros.editor.RemoteWriteAccessManager.updateConnectionState(RemoteWriteAccessManager.java:182)
	at saros.editor.RemoteWriteAccessManager.receive(RemoteWriteAccessManager.java:79)
	at saros.activities.EditorActivity.dispatch(EditorActivity.java:106)
	at saros.session.AbstractActivityConsumer.exec(AbstractActivityConsumer.java:81)
	at saros.editor.EditorManager$2.exec(EditorManager.java:179)
	at saros.session.internal.SarosSession$2.execute(SarosSession.java:193)
	at saros.session.internal.ActivityHandler$3.run(ActivityHandler.java:338)
	at saros.util.ThreadUtils$1.run(ThreadUtils.java:35)
	at org.eclipse.swt.widgets.RunnableLock.run(RunnableLock.java:40)
	at org.eclipse.swt.widgets.Synchronizer.runAsyncMessages(Synchronizer.java:185)
	at org.eclipse.swt.widgets.Display.runAsyncMessages(Display.java:3897)
	at org.eclipse.swt.widgets.Display.readAndDispatch(Display.java:3527)
	at org.eclipse.e4.ui.internal.workbench.swt.PartRenderingEngine$5.run(PartRenderingEngine.java:1160)
	at org.eclipse.core.databinding.observable.Realm.runWithDefault(Realm.java:338)
	at org.eclipse.e4.ui.internal.workbench.swt.PartRenderingEngine.run(PartRenderingEngine.java:1049)
	at org.eclipse.e4.ui.internal.workbench.E4Workbench.createAndRunUI(E4Workbench.java:155)
	at org.eclipse.ui.internal.Workbench.lambda$3(Workbench.java:658)
	at org.eclipse.core.databinding.observable.Realm.runWithDefault(Realm.java:338)
	at org.eclipse.ui.internal.Workbench.createAndRunWorkbench(Workbench.java:557)
	at org.eclipse.ui.PlatformUI.createAndRunWorkbench(PlatformUI.java:154)
	at org.eclipse.ui.internal.ide.application.IDEApplication.start(IDEApplication.java:150)
	at org.eclipse.equinox.internal.app.EclipseAppHandle.run(EclipseAppHandle.java:203)
	at org.eclipse.core.runtime.internal.adaptor.EclipseAppLauncher.runApplication(EclipseAppLauncher.java:137)
	at org.eclipse.core.runtime.internal.adaptor.EclipseAppLauncher.start(EclipseAppLauncher.java:107)
	at org.eclipse.core.runtime.adaptor.EclipseStarter.run(EclipseStarter.java:401)
	at org.eclipse.core.runtime.adaptor.EclipseStarter.run(EclipseStarter.java:255)
	at sun.reflect.NativeMethodAccessorImpl.invoke0(Native Method)
	at sun.reflect.NativeMethodAccessorImpl.invoke(NativeMethodAccessorImpl.java:62)
	at sun.reflect.DelegatingMethodAccessorImpl.invoke(DelegatingMethodAccessorImpl.java:43)
	at java.lang.reflect.Method.invoke(Method.java:498)
	at org.eclipse.equinox.launcher.Main.invokeFramework(Main.java:657)
	at org.eclipse.equinox.launcher.Main.basicRun(Main.java:594)
	at org.eclipse.equinox.launcher.Main.run(Main.java:1447)
WARN  19:28:14,210 [main] (SharedProjectFileDecorator.java:154) resource for editor SPath [project=P/GraphPack_2019_2020_V1_3 (EclipseProjectImpl), projectRelativePath=src/pt/iul/ista/poo/gui/ImageMatrixGUI.java] does not exist locally
WARN  20:35:30,756 [dpp-shutdown] (SWTUtils.java:128) could not execute runnable saros.ui.actions.RemoveUserAction$2$2@442c7aa8, UI thread is not available
StackTrace:
	at saros.ui.util.SWTUtils.runSafeSWTAsync(SWTUtils.java:130)
	at saros.ui.actions.RemoveUserAction$2.sessionEnding(RemoveUserAction.java:64)
	at saros.session.SarosSessionManager.sessionEnding(SarosSessionManager.java:796)
	at saros.session.SarosSessionManager.stopSession(SarosSessionManager.java:341)
	at saros.EclipsePluginLifecycle.finalizeContext(EclipsePluginLifecycle.java:66)
	at saros.context.AbstractContextLifecycle.stop(AbstractContextLifecycle.java:111)
	at saros.Saros$1.run(Saros.java:141)
	at saros.util.ThreadUtils$1.run(ThreadUtils.java:35)
	at java.lang.Thread.run(Thread.java:748)
WARN  20:35:30,757 [dpp-shutdown] (SWTUtils.java:176) could not execute runnable saros.editor.EditorManager$3$1@3065bc92, UI thread is not available
StackTrace:
	at saros.ui.util.SWTUtils.runSafeSWTSync(SWTUtils.java:178)
	at saros.editor.EditorManager$3.execute(EditorManager.java:239)
	at saros.editor.EditorManager$3.unblock(EditorManager.java:230)
	at saros.synchronize.StopManager.lockSession(StopManager.java:363)
	at saros.synchronize.StopManager.stop(StopManager.java:531)
	at sun.reflect.NativeMethodAccessorImpl.invoke0(Native Method)
	at sun.reflect.NativeMethodAccessorImpl.invoke(NativeMethodAccessorImpl.java:62)
	at sun.reflect.DelegatingMethodAccessorImpl.invoke(DelegatingMethodAccessorImpl.java:43)
	at java.lang.reflect.Method.invoke(Method.java:498)
	at org.picocontainer.lifecycle.StartableLifecycleStrategy.doLifecycleMethod(StartableLifecycleStrategy.java:101)
	at org.picocontainer.lifecycle.StartableLifecycleStrategy.stopComponent(StartableLifecycleStrategy.java:113)
	at org.picocontainer.lifecycle.StartableLifecycleStrategy.stop(StartableLifecycleStrategy.java:126)
	at org.picocontainer.injectors.AbstractInjectionFactory$LifecycleAdapter.stop(AbstractInjectionFactory.java:88)
	at org.picocontainer.behaviors.AbstractBehavior.stop(AbstractBehavior.java:179)
	at org.picocontainer.behaviors.Stored$RealComponentLifecycle.stop(Stored.java:141)
	at org.picocontainer.behaviors.Stored.stop(Stored.java:118)
	at org.picocontainer.DefaultPicoContainer.stopAdapters(DefaultPicoContainer.java:1036)
	at org.picocontainer.DefaultPicoContainer.stop(DefaultPicoContainer.java:791)
	at saros.session.internal.SarosSession.stop(SarosSession.java:615)
	at saros.session.SarosSessionManager.stopSession(SarosSessionManager.java:344)
	at saros.EclipsePluginLifecycle.finalizeContext(EclipsePluginLifecycle.java:66)
	at saros.context.AbstractContextLifecycle.stop(AbstractContextLifecycle.java:111)
	at saros.Saros$1.run(Saros.java:141)
	at saros.util.ThreadUtils$1.run(ThreadUtils.java:35)
	at java.lang.Thread.run(Thread.java:748)
WARN  20:35:30,763 [dpp-shutdown] (SWTUtils.java:176) could not execute runnable saros.editor.EditorManager$5$2@6cfdfa82, UI thread is not available
StackTrace:
	at saros.ui.util.SWTUtils.runSafeSWTSync(SWTUtils.java:178)
	at saros.editor.EditorManager$5.sessionEnded(EditorManager.java:361)
	at saros.session.SarosSessionManager.sessionEnded(SarosSessionManager.java:806)
	at saros.session.SarosSessionManager.stopSession(SarosSessionManager.java:358)
	at saros.EclipsePluginLifecycle.finalizeContext(EclipsePluginLifecycle.java:66)
	at saros.context.AbstractContextLifecycle.stop(AbstractContextLifecycle.java:111)
	at saros.Saros$1.run(Saros.java:141)
	at saros.util.ThreadUtils$1.run(ThreadUtils.java:35)
	at java.lang.Thread.run(Thread.java:748)
WARN  20:35:30,763 [dpp-shutdown] (SWTUtils.java:128) could not execute runnable saros.ui.views.SarosView$12@65be4479, UI thread is not available
StackTrace:
	at saros.ui.util.SWTUtils.runSafeSWTAsync(SWTUtils.java:130)
	at saros.ui.views.SarosView.clearNotifications(SarosView.java:639)
	at saros.ui.eventhandler.HostLeftAloneInSessionHandler$1.sessionEnded(HostLeftAloneInSessionHandler.java:44)
	at saros.session.SarosSessionManager.sessionEnded(SarosSessionManager.java:806)
	at saros.session.SarosSessionManager.stopSession(SarosSessionManager.java:358)
	at saros.EclipsePluginLifecycle.finalizeContext(EclipsePluginLifecycle.java:66)
	at saros.context.AbstractContextLifecycle.stop(AbstractContextLifecycle.java:111)
	at saros.Saros$1.run(Saros.java:141)
	at saros.util.ThreadUtils$1.run(ThreadUtils.java:35)
	at java.lang.Thread.run(Thread.java:748)
